2023-04-10 13:22:27.658 [info] Log level: Info
2023-04-10 13:22:27.658 [info] Validating found git in: "git"
2023-04-10 13:22:27.658 [info] Using git "2.25.1" from "git"
2023-04-10 13:22:27.658 [info] > git rev-parse --show-toplevel [62ms]
2023-04-10 13:22:27.658 [info] > git rev-parse --git-dir --git-common-dir [3ms]
2023-04-10 13:22:27.658 [info] Open repository: /home/ubuntu/Project_13_Ansible_config_mgt_3-
2023-04-10 13:22:27.658 [info] > git rev-parse --show-toplevel [9ms]
2023-04-10 13:22:27.658 [info] > git config --get commit.template [6ms]
2023-04-10 13:22:27.658 [info] > git rev-parse --show-toplevel [8ms]
2023-04-10 13:22:27.658 [info] > git rev-parse --show-toplevel [3ms]
2023-04-10 13:22:27.658 [info] > git for-each-ref --format=%(refname)%00%(upstream:short)%00%(objectname)%00%(upstream:track)%00%(upstream:remotename)%00%(upstream:remoteref) refs/heads/main refs/remotes/main [12ms]
2023-04-10 13:22:27.658 [info] > git rev-parse --show-toplevel [8ms]
2023-04-10 13:22:27.658 [info] > git rev-parse --show-toplevel [3ms]
2023-04-10 13:22:27.658 [info] > git rev-parse --show-toplevel [2ms]
2023-04-10 13:22:27.658 [info] > git rev-parse --show-toplevel [2ms]
2023-04-10 13:22:27.658 [info] > git status -z -uall [22ms]
2023-04-10 13:22:27.658 [info] > git config --get commit.template [5ms]
2023-04-10 13:22:27.658 [info] > git for-each-ref --format=%(refname)%00%(upstream:short)%00%(objectname)%00%(upstream:track)%00%(upstream:remotename)%00%(upstream:remoteref) refs/heads/main refs/remotes/main [3ms]
2023-04-10 13:22:27.658 [info] > git status -z -uall [2ms]
2023-04-10 13:22:27.658 [info] > git show --textconv :playbooks/site.yml [7ms]
2023-04-10 13:22:27.658 [info] > git ls-files --stage -- /home/ubuntu/Project_13_Ansible_config_mgt_3-/playbooks/site.yml [4ms]
2023-04-10 13:22:27.658 [info] > git cat-file -s 4251f964ceb37ddb1976cc726d8aad611b6a7b2c [2ms]
2023-04-10 13:22:27.658 [info] > git check-ignore -v -z --stdin [3ms]
2023-04-10 13:22:48.111 [info] > git config --get commit.template [5ms]
2023-04-10 13:22:48.113 [info] > git for-each-ref --format=%(refname)%00%(upstream:short)%00%(objectname)%00%(upstream:track)%00%(upstream:remotename)%00%(upstream:remoteref) refs/heads/main refs/remotes/main [4ms]
2023-04-10 13:22:48.118 [info] > git status -z -uall [2ms]
2023-04-10 13:22:48.359 [info] > git ls-files --stage -- /home/ubuntu/Project_13_Ansible_config_mgt_3-/playbooks/site.yml [3ms]
2023-04-10 13:22:48.364 [info] > git cat-file -s 4251f964ceb37ddb1976cc726d8aad611b6a7b2c [2ms]
2023-04-10 13:22:48.513 [info] > git show --textconv :playbooks/site.yml [3ms]
2023-04-10 13:24:12.220 [info] > git check-ignore -v -z --stdin [11ms]
2023-04-10 13:24:13.876 [info] > git ls-files --stage -- /home/ubuntu/Project_13_Ansible_config_mgt_3-/inventory/dev.yml [3ms]
2023-04-10 13:24:13.881 [info] > git show --textconv :inventory/dev.yml [12ms]
2023-04-10 13:24:13.884 [info] > git cat-file -s c421ddc34163f19143490bb9ebecf4f8c7576ec8 [5ms]
2023-04-10 13:24:20.696 [info] > git check-ignore -v -z --stdin [2ms]
2023-04-10 13:24:21.454 [info] > git show --textconv :env-vars/dev.yml [5ms]
2023-04-10 13:24:21.456 [info] > git ls-files --stage -- /home/ubuntu/Project_13_Ansible_config_mgt_3-/env-vars/dev.yml [3ms]
2023-04-10 13:24:21.460 [info] > git cat-file -s f661a4aa39863d637a1c56f4611879bf1929db87 [1ms]
2023-04-10 13:24:23.695 [info] > git check-ignore -v -z --stdin [2ms]
2023-04-10 13:24:24.232 [info] > git show --textconv :dynamic-assignments/env-vars.yml [6ms]
2023-04-10 13:24:24.235 [info] > git ls-files --stage -- /home/ubuntu/Project_13_Ansible_config_mgt_3-/dynamic-assignments/env-vars.yml [3ms]
2023-04-10 13:24:24.239 [info] > git cat-file -s 8b3bc42e75d670b8e47559647754f971a561cb91 [2ms]
2023-04-10 13:24:29.773 [info] > git check-ignore -v -z --stdin [4ms]
2023-04-10 13:25:14.350 [info] > git config --get commit.template [5ms]
2023-04-10 13:25:14.355 [info] > git for-each-ref --format=%(refname)%00%(upstream:short)%00%(objectname)%00%(upstream:track)%00%(upstream:remotename)%00%(upstream:remoteref) refs/heads/main refs/remotes/main [5ms]
2023-04-10 13:25:14.362 [info] > git status -z -uall [5ms]
2023-04-10 13:25:14.586 [info] > git ls-files --stage -- /home/ubuntu/Project_13_Ansible_config_mgt_3-/dynamic-assignments/env-vars.yml [3ms]
2023-04-10 13:25:14.590 [info] > git cat-file -s 8b3bc42e75d670b8e47559647754f971a561cb91 [2ms]
2023-04-10 13:25:14.731 [info] > git show --textconv :dynamic-assignments/env-vars.yml [3ms]
2023-04-10 13:31:24.075 [info] > git config --get commit.template [18ms]
2023-04-10 13:31:24.079 [info] > git for-each-ref --format=%(refname)%00%(upstream:short)%00%(objectname)%00%(upstream:track)%00%(upstream:remotename)%00%(upstream:remoteref) refs/heads/main refs/remotes/main [18ms]
2023-04-10 13:31:24.086 [info] > git status -z -uall [4ms]
2023-04-10 13:31:27.922 [info] > git check-ignore -v -z --stdin [3ms]
2023-04-10 13:31:43.083 [info] > git config --get commit.template [5ms]
2023-04-10 13:31:43.085 [info] > git for-each-ref --format=%(refname)%00%(upstream:short)%00%(objectname)%00%(upstream:track)%00%(upstream:remotename)%00%(upstream:remoteref) refs/heads/main refs/remotes/main [3ms]
2023-04-10 13:31:43.090 [info] > git status -z -uall [3ms]
2023-04-10 13:31:43.640 [info] > git check-ignore -v -z --stdin [2ms]
2023-04-10 13:31:58.367 [info] > git config --get commit.template [4ms]
2023-04-10 13:31:58.368 [info] > git for-each-ref --format=%(refname)%00%(upstream:short)%00%(objectname)%00%(upstream:track)%00%(upstream:remotename)%00%(upstream:remoteref) refs/heads/main refs/remotes/main [2ms]
2023-04-10 13:31:58.374 [info] > git status -z -uall [3ms]
2023-04-10 13:31:58.658 [info] > git ls-files --stage -- /home/ubuntu/Project_13_Ansible_config_mgt_3-/dynamic-assignments/env-vars.yml [2ms]
2023-04-10 13:31:58.662 [info] > git cat-file -s 8b3bc42e75d670b8e47559647754f971a561cb91 [2ms]
2023-04-10 13:31:58.819 [info] > git show --textconv :dynamic-assignments/env-vars.yml [3ms]
2023-04-10 13:32:27.082 [info] > git config --get commit.template [5ms]
2023-04-10 13:32:27.088 [info] > git for-each-ref --format=%(refname)%00%(upstream:short)%00%(objectname)%00%(upstream:track)%00%(upstream:remotename)%00%(upstream:remoteref) refs/heads/main refs/remotes/main [7ms]
2023-04-10 13:32:27.093 [info] > git status -z -uall [2ms]
2023-04-10 13:32:27.318 [info] > git ls-files --stage -- /home/ubuntu/Project_13_Ansible_config_mgt_3-/dynamic-assignments/env-vars.yml [2ms]
2023-04-10 13:32:27.322 [info] > git cat-file -s 8b3bc42e75d670b8e47559647754f971a561cb91 [1ms]
2023-04-10 13:32:27.484 [info] > git show --textconv :dynamic-assignments/env-vars.yml [2ms]
2023-04-10 13:34:49.740 [info] > git log --oneline --cherry main...main@{upstream} -- [9ms]
2023-04-10 13:34:49.916 [info] > git pull --tags origin main [172ms]
2023-04-10 13:34:49.916 [info] From https://github.com/teejay4u/Project_13_Ansible_config_mgt_3-
 * branch            main       -> FETCH_HEAD
2023-04-10 13:34:50.887 [info] > git push origin main:main [967ms]
2023-04-10 13:34:50.887 [info] To https://github.com/teejay4u/Project_13_Ansible_config_mgt_3-.git
   0aa68de..90ec06f  main -> main
2023-04-10 13:34:50.896 [info] > git config --get commit.template [5ms]
2023-04-10 13:34:50.898 [info] > git for-each-ref --format=%(refname)%00%(upstream:short)%00%(objectname)%00%(upstream:track)%00%(upstream:remotename)%00%(upstream:remoteref) refs/heads/main refs/remotes/main [3ms]
2023-04-10 13:34:50.904 [info] > git status -z -uall [2ms]
2023-04-10 13:34:52.113 [info] > git config --get commit.template [5ms]
2023-04-10 13:34:52.115 [info] > git for-each-ref --format=%(refname)%00%(upstream:short)%00%(objectname)%00%(upstream:track)%00%(upstream:remotename)%00%(upstream:remoteref) refs/heads/main refs/remotes/main [3ms]
2023-04-10 13:34:52.120 [info] > git status -z -uall [2ms]
2023-04-10 13:34:52.347 [info] > git ls-files --stage -- /home/ubuntu/Project_13_Ansible_config_mgt_3-/dynamic-assignments/env-vars.yml [2ms]
2023-04-10 13:34:52.352 [info] > git cat-file -s 8b3bc42e75d670b8e47559647754f971a561cb91 [2ms]
2023-04-10 13:34:52.499 [info] > git show --textconv :dynamic-assignments/env-vars.yml [3ms]
2023-04-10 13:34:56.845 [info] > git fetch [120ms]
2023-04-10 13:34:56.855 [info] > git config --get commit.template [4ms]
2023-04-10 13:34:56.857 [info] > git for-each-ref --format=%(refname)%00%(upstream:short)%00%(objectname)%00%(upstream:track)%00%(upstream:remotename)%00%(upstream:remoteref) refs/heads/main refs/remotes/main [2ms]
2023-04-10 13:34:56.862 [info] > git status -z -uall [2ms]
2023-04-10 13:34:58.123 [info] > git config --get commit.template [5ms]
2023-04-10 13:34:58.125 [info] > git for-each-ref --format=%(refname)%00%(upstream:short)%00%(objectname)%00%(upstream:track)%00%(upstream:remotename)%00%(upstream:remoteref) refs/heads/main refs/remotes/main [3ms]
2023-04-10 13:34:58.130 [info] > git status -z -uall [2ms]
2023-04-10 13:34:58.381 [info] > git ls-files --stage -- /home/ubuntu/Project_13_Ansible_config_mgt_3-/dynamic-assignments/env-vars.yml [2ms]
2023-04-10 13:34:58.386 [info] > git cat-file -s 8b3bc42e75d670b8e47559647754f971a561cb91 [1ms]
2023-04-10 13:34:58.556 [info] > git show --textconv :dynamic-assignments/env-vars.yml [2ms]
2023-04-10 13:36:30.268 [warning] ENOENT: no such file or directory, open '/home/ubuntu/Project_13_Ansible_config_mgt_3-/.git/HEAD'
2023-04-10 13:36:30.275 [warning] getRemotes() - ENOENT: no such file or directory, open '/home/ubuntu/Project_13_Ansible_config_mgt_3-/.git/config'
2023-04-10 13:36:30.283 [warning] ENOENT: no such file or directory, open '/home/ubuntu/Project_13_Ansible_config_mgt_3-/.git/HEAD'
2023-04-10 13:36:30.288 [warning] getRemotes() - ENOENT: no such file or directory, open '/home/ubuntu/Project_13_Ansible_config_mgt_3-/.git/config'
