2023-04-10 13:39:54.624 [info] Extension host with pid 21236 started
2023-04-10 13:39:54.650 [info] Lock '/home/ubuntu/.vscode-server/data/User/workspaceStorage/d165b1a35fe49e71ebb7396c0c10341c/vscode.lock': Lock acquired.
2023-04-10 13:39:54.863 [info] ExtensionService#_doActivateExtension vscode.emmet, startup: false, activationEvent: 'onLanguage'
2023-04-10 13:39:55.062 [info] ExtensionService#_doActivateExtension vscode.git-base, startup: true, activationEvent: '*', root cause: vscode.git
2023-04-10 13:39:55.231 [info] ExtensionService#_doActivateExtension vscode.git, startup: true, activationEvent: '*'
2023-04-10 13:39:55.236 [info] ExtensionService#_doActivateExtension vscode.github, startup: true, activationEvent: '*'
2023-04-10 13:39:55.702 [info] Eager extensions activated
2023-04-10 13:39:55.730 [info] ExtensionService#_doActivateExtension vscode.debug-auto-launch, startup: false, activationEvent: 'onStartupFinished'
2023-04-10 13:39:55.731 [info] ExtensionService#_doActivateExtension vscode.merge-conflict, startup: false, activationEvent: 'onStartupFinished'
2023-04-10 13:39:56.188 [warning] [Decorations] CAPPING events from decorations provider vscode.git 1854
2023-04-10 13:39:59.113 [warning] [Decorations] CAPPING events from decorations provider vscode.git 1855
2023-04-10 13:40:04.178 [warning] [Decorations] CAPPING events from decorations provider vscode.git 1855
2023-04-10 13:40:09.254 [warning] [Decorations] CAPPING events from decorations provider vscode.git 1855
2023-04-10 13:40:14.378 [warning] [Decorations] CAPPING events from decorations provider vscode.git 1855
2023-04-10 13:40:19.441 [warning] [Decorations] CAPPING events from decorations provider vscode.git 1855
2023-04-10 13:40:33.111 [warning] [Decorations] CAPPING events from decorations provider vscode.git 1855
2023-04-10 13:40:38.172 [warning] [Decorations] CAPPING events from decorations provider vscode.git 1855
2023-04-10 13:40:43.249 [warning] [Decorations] CAPPING events from decorations provider vscode.git 1855
2023-04-10 13:40:48.380 [warning] [Decorations] CAPPING events from decorations provider vscode.git 1855
2023-04-10 13:40:54.371 [warning] [Decorations] CAPPING events from decorations provider vscode.git 1855
2023-04-10 13:41:05.121 [warning] [Decorations] CAPPING events from decorations provider vscode.git 2017
2023-04-10 13:41:10.194 [warning] [Decorations] CAPPING events from decorations provider vscode.git 2017
2023-04-10 13:41:15.279 [warning] [Decorations] CAPPING events from decorations provider vscode.git 2017
2023-04-10 13:41:20.361 [warning] [Decorations] CAPPING events from decorations provider vscode.git 2017
2023-04-10 13:41:25.423 [warning] [Decorations] CAPPING events from decorations provider vscode.git 2017
2023-04-10 13:41:30.492 [warning] [Decorations] CAPPING events from decorations provider vscode.git 2017
2023-04-10 13:41:35.555 [warning] [Decorations] CAPPING events from decorations provider vscode.git 2017
2023-04-10 13:41:40.621 [warning] [Decorations] CAPPING events from decorations provider vscode.git 2017
2023-04-10 13:41:45.688 [warning] [Decorations] CAPPING events from decorations provider vscode.git 2017
2023-04-10 13:41:56.091 [warning] [Decorations] CAPPING events from decorations provider vscode.git 2017
