2023-04-10 13:39:56.856 [info] Log level: Info
2023-04-10 13:39:56.856 [info] Validating found git in: "git"
2023-04-10 13:39:56.856 [info] Using git "2.25.1" from "git"
2023-04-10 13:39:56.856 [info] > git rev-parse --show-toplevel [92ms]
2023-04-10 13:39:56.856 [info] > git rev-parse --git-dir --git-common-dir [23ms]
2023-04-10 13:39:56.856 [info] Open repository: /home/ubuntu
2023-04-10 13:39:56.857 [info] > git rev-parse --show-toplevel [8ms]
2023-04-10 13:39:56.857 [info] > git config --get commit.template [8ms]
2023-04-10 13:39:56.857 [info] > git fetch [22ms]
2023-04-10 13:39:56.857 [info] No remotes found in the git config file.
2023-04-10 13:39:56.857 [info] > git rev-parse --show-toplevel [14ms]
2023-04-10 13:39:56.857 [info] > git config --get commit.template [7ms]
2023-04-10 13:39:56.857 [info] > git for-each-ref --format=%(refname)%00%(upstream:short)%00%(objectname)%00%(upstream:track)%00%(upstream:remotename)%00%(upstream:remoteref) refs/heads/master refs/remotes/master [12ms]
2023-04-10 13:39:56.857 [info] > git rev-parse --show-toplevel [11ms]
2023-04-10 13:39:56.858 [info] No remotes found in the git config file.
2023-04-10 13:39:56.858 [info] > git config --get commit.template [9ms]
2023-04-10 13:39:56.858 [info] > git rev-parse --show-toplevel [5ms]
2023-04-10 13:39:56.858 [info] > git for-each-ref --format=%(refname)%00%(upstream:short)%00%(objectname)%00%(upstream:track)%00%(upstream:remotename)%00%(upstream:remoteref) refs/heads/master refs/remotes/master [6ms]
2023-04-10 13:39:56.858 [info] No remotes found in the git config file.
2023-04-10 13:39:56.858 [info] > git rev-parse --show-toplevel [23ms]
2023-04-10 13:39:56.858 [info] > git for-each-ref --format=%(refname)%00%(upstream:short)%00%(objectname)%00%(upstream:track)%00%(upstream:remotename)%00%(upstream:remoteref) refs/heads/master refs/remotes/master [29ms]
2023-04-10 13:39:56.858 [info] > git rev-parse --show-toplevel [11ms]
2023-04-10 13:39:56.858 [info] > git rev-parse --show-toplevel [9ms]
2023-04-10 13:39:56.859 [info] > git status -z -uall [182ms]
2023-04-10 13:39:56.859 [info] > git rev-parse --show-toplevel [149ms]
2023-04-10 13:39:56.859 [info] > git rev-parse --show-toplevel [71ms]
2023-04-10 13:39:56.859 [info] > git rev-parse --show-toplevel [6ms]
2023-04-10 13:39:56.859 [info] > git rev-parse --show-toplevel [9ms]
2023-04-10 13:39:56.859 [info] > git check-ignore -v -z --stdin [22ms]
2023-04-10 13:39:59.035 [info] No remotes found in the git config file.
2023-04-10 13:39:59.036 [info] > git config --get commit.template [6ms]
2023-04-10 13:39:59.038 [info] > git for-each-ref --format=%(refname)%00%(upstream:short)%00%(objectname)%00%(upstream:track)%00%(upstream:remotename)%00%(upstream:remoteref) refs/heads/master refs/remotes/master [3ms]
2023-04-10 13:39:59.065 [info] > git status -z -uall [24ms]
2023-04-10 13:40:04.133 [info] No remotes found in the git config file.
2023-04-10 13:40:04.134 [info] > git config --get commit.template [6ms]
2023-04-10 13:40:04.136 [info] > git for-each-ref --format=%(refname)%00%(upstream:short)%00%(objectname)%00%(upstream:track)%00%(upstream:remotename)%00%(upstream:remoteref) refs/heads/master refs/remotes/master [3ms]
2023-04-10 13:40:04.160 [info] > git status -z -uall [19ms]
2023-04-10 13:40:09.201 [info] No remotes found in the git config file.
2023-04-10 13:40:09.202 [info] > git config --get commit.template [7ms]
2023-04-10 13:40:09.204 [info] > git for-each-ref --format=%(refname)%00%(upstream:short)%00%(objectname)%00%(upstream:track)%00%(upstream:remotename)%00%(upstream:remoteref) refs/heads/master refs/remotes/master [3ms]
2023-04-10 13:40:09.232 [info] > git status -z -uall [24ms]
2023-04-10 13:40:14.277 [info] No remotes found in the git config file.
2023-04-10 13:40:14.278 [info] > git config --get commit.template [6ms]
2023-04-10 13:40:14.280 [info] > git for-each-ref --format=%(refname)%00%(upstream:short)%00%(objectname)%00%(upstream:track)%00%(upstream:remotename)%00%(upstream:remoteref) refs/heads/master refs/remotes/master [3ms]
2023-04-10 13:40:14.342 [info] > git status -z -uall [59ms]
2023-04-10 13:40:19.394 [info] No remotes found in the git config file.
2023-04-10 13:40:19.395 [info] > git config --get commit.template [6ms]
2023-04-10 13:40:19.397 [info] > git for-each-ref --format=%(refname)%00%(upstream:short)%00%(objectname)%00%(upstream:track)%00%(upstream:remotename)%00%(upstream:remoteref) refs/heads/master refs/remotes/master [3ms]
2023-04-10 13:40:19.420 [info] > git status -z -uall [19ms]
2023-04-10 13:40:33.012 [info] No remotes found in the git config file.
2023-04-10 13:40:33.013 [info] > git config --get commit.template [7ms]
2023-04-10 13:40:33.015 [info] > git for-each-ref --format=%(refname)%00%(upstream:short)%00%(objectname)%00%(upstream:track)%00%(upstream:remotename)%00%(upstream:remoteref) refs/heads/master refs/remotes/master [3ms]
2023-04-10 13:40:33.060 [info] > git status -z -uall [42ms]
2023-04-10 13:40:38.131 [info] No remotes found in the git config file.
2023-04-10 13:40:38.132 [info] > git config --get commit.template [6ms]
2023-04-10 13:40:38.134 [info] > git for-each-ref --format=%(refname)%00%(upstream:short)%00%(objectname)%00%(upstream:track)%00%(upstream:remotename)%00%(upstream:remoteref) refs/heads/master refs/remotes/master [3ms]
2023-04-10 13:40:38.156 [info] > git status -z -uall [19ms]
2023-04-10 13:40:41.284 [info] > git check-ignore -v -z --stdin [3ms]
2023-04-10 13:40:43.197 [info] No remotes found in the git config file.
2023-04-10 13:40:43.198 [info] > git config --get commit.template [6ms]
2023-04-10 13:40:43.200 [info] > git for-each-ref --format=%(refname)%00%(upstream:short)%00%(objectname)%00%(upstream:track)%00%(upstream:remotename)%00%(upstream:remoteref) refs/heads/master refs/remotes/master [4ms]
2023-04-10 13:40:43.222 [info] > git status -z -uall [19ms]
2023-04-10 13:40:48.298 [info] No remotes found in the git config file.
2023-04-10 13:40:48.306 [info] > git config --get commit.template [38ms]
2023-04-10 13:40:48.321 [info] > git for-each-ref --format=%(refname)%00%(upstream:short)%00%(objectname)%00%(upstream:track)%00%(upstream:remotename)%00%(upstream:remoteref) refs/heads/master refs/remotes/master [24ms]
2023-04-10 13:40:48.363 [info] > git status -z -uall [37ms]
2023-04-10 13:40:54.320 [info] No remotes found in the git config file.
2023-04-10 13:40:54.321 [info] > git config --get commit.template [6ms]
2023-04-10 13:40:54.323 [info] > git for-each-ref --format=%(refname)%00%(upstream:short)%00%(objectname)%00%(upstream:track)%00%(upstream:remotename)%00%(upstream:remoteref) refs/heads/master refs/remotes/master [3ms]
2023-04-10 13:40:54.345 [info] > git status -z -uall [19ms]
2023-04-10 13:40:57.147 [info] > git check-ignore -v -z --stdin [3ms]
2023-04-10 13:40:57.706 [info] > git check-ignore -v -z --stdin [2ms]
2023-04-10 13:40:59.238 [info] > git check-ignore -v -z --stdin [3ms]
2023-04-10 13:41:00.931 [info] > git check-ignore -v -z --stdin [2ms]
2023-04-10 13:41:05.060 [info] No remotes found in the git config file.
2023-04-10 13:41:05.061 [info] > git config --get commit.template [7ms]
2023-04-10 13:41:05.063 [info] > git for-each-ref --format=%(refname)%00%(upstream:short)%00%(objectname)%00%(upstream:track)%00%(upstream:remotename)%00%(upstream:remoteref) refs/heads/master refs/remotes/master [4ms]
2023-04-10 13:41:05.086 [info] > git status -z -uall [19ms]
2023-04-10 13:41:10.139 [info] No remotes found in the git config file.
2023-04-10 13:41:10.140 [info] > git config --get commit.template [6ms]
2023-04-10 13:41:10.142 [info] > git for-each-ref --format=%(refname)%00%(upstream:short)%00%(objectname)%00%(upstream:track)%00%(upstream:remotename)%00%(upstream:remoteref) refs/heads/master refs/remotes/master [3ms]
2023-04-10 13:41:10.164 [info] > git status -z -uall [19ms]
2023-04-10 13:41:15.214 [info] No remotes found in the git config file.
2023-04-10 13:41:15.215 [info] > git config --get commit.template [6ms]
2023-04-10 13:41:15.216 [info] > git for-each-ref --format=%(refname)%00%(upstream:short)%00%(objectname)%00%(upstream:track)%00%(upstream:remotename)%00%(upstream:remoteref) refs/heads/master refs/remotes/master [3ms]
2023-04-10 13:41:15.242 [info] > git status -z -uall [22ms]
2023-04-10 13:41:20.300 [info] No remotes found in the git config file.
2023-04-10 13:41:20.300 [info] > git config --get commit.template [5ms]
2023-04-10 13:41:20.302 [info] > git for-each-ref --format=%(refname)%00%(upstream:short)%00%(objectname)%00%(upstream:track)%00%(upstream:remotename)%00%(upstream:remoteref) refs/heads/master refs/remotes/master [3ms]
2023-04-10 13:41:20.331 [info] > git status -z -uall [26ms]
2023-04-10 13:41:25.378 [info] No remotes found in the git config file.
2023-04-10 13:41:25.379 [info] > git config --get commit.template [6ms]
2023-04-10 13:41:25.380 [info] > git for-each-ref --format=%(refname)%00%(upstream:short)%00%(objectname)%00%(upstream:track)%00%(upstream:remotename)%00%(upstream:remoteref) refs/heads/master refs/remotes/master [2ms]
2023-04-10 13:41:25.402 [info] > git status -z -uall [18ms]
2023-04-10 13:41:30.440 [info] No remotes found in the git config file.
2023-04-10 13:41:30.441 [info] > git config --get commit.template [6ms]
2023-04-10 13:41:30.443 [info] > git for-each-ref --format=%(refname)%00%(upstream:short)%00%(objectname)%00%(upstream:track)%00%(upstream:remotename)%00%(upstream:remoteref) refs/heads/master refs/remotes/master [3ms]
2023-04-10 13:41:30.464 [info] > git status -z -uall [18ms]
2023-04-10 13:41:34.771 [info] > git check-ignore -v -z --stdin [3ms]
2023-04-10 13:41:35.508 [info] No remotes found in the git config file.
2023-04-10 13:41:35.509 [info] > git config --get commit.template [6ms]
2023-04-10 13:41:35.511 [info] > git for-each-ref --format=%(refname)%00%(upstream:short)%00%(objectname)%00%(upstream:track)%00%(upstream:remotename)%00%(upstream:remoteref) refs/heads/master refs/remotes/master [3ms]
2023-04-10 13:41:35.532 [info] > git status -z -uall [18ms]
2023-04-10 13:41:39.681 [info] > git check-ignore -v -z --stdin [3ms]
2023-04-10 13:41:40.320 [info] > git check-ignore -v -z --stdin [2ms]
2023-04-10 13:41:40.571 [info] No remotes found in the git config file.
2023-04-10 13:41:40.571 [info] > git config --get commit.template [6ms]
2023-04-10 13:41:40.573 [info] > git for-each-ref --format=%(refname)%00%(upstream:short)%00%(objectname)%00%(upstream:track)%00%(upstream:remotename)%00%(upstream:remoteref) refs/heads/master refs/remotes/master [3ms]
2023-04-10 13:41:40.596 [info] > git status -z -uall [20ms]
2023-04-10 13:41:45.639 [info] No remotes found in the git config file.
2023-04-10 13:41:45.640 [info] > git config --get commit.template [6ms]
2023-04-10 13:41:45.642 [info] > git for-each-ref --format=%(refname)%00%(upstream:short)%00%(objectname)%00%(upstream:track)%00%(upstream:remotename)%00%(upstream:remoteref) refs/heads/master refs/remotes/master [3ms]
2023-04-10 13:41:45.664 [info] > git status -z -uall [19ms]
2023-04-10 13:41:55.740 [info] > git add -A -- . [7041ms]
2023-04-10 13:41:56.013 [info] > git -c user.useConfigOnly=true commit --quiet --allow-empty-message --file - [249ms]
2023-04-10 13:41:56.019 [info] > git config --get commit.template [2ms]
2023-04-10 13:41:56.033 [info] No remotes found in the git config file.
2023-04-10 13:41:56.033 [info] > git config --get commit.template [7ms]
2023-04-10 13:41:56.039 [info] > git for-each-ref --format=%(refname)%00%(upstream:short)%00%(objectname)%00%(upstream:track)%00%(upstream:remotename)%00%(upstream:remoteref) refs/heads/master refs/remotes/master [5ms]
2023-04-10 13:41:56.064 [info] > git status -z -uall [23ms]
2023-04-10 13:41:56.117 [info] No remotes found in the git config file.
2023-04-10 13:41:56.118 [info] > git config --get commit.template [6ms]
2023-04-10 13:41:56.120 [info] > git for-each-ref --format=%(refname)%00%(upstream:short)%00%(objectname)%00%(upstream:track)%00%(upstream:remotename)%00%(upstream:remoteref) refs/heads/master refs/remotes/master [3ms]
2023-04-10 13:41:56.138 [info] > git status -z -uall [16ms]
2023-04-10 13:41:56.980 [info] No remotes found in the git config file.
2023-04-10 13:41:56.980 [info] > git config --get commit.template [5ms]
2023-04-10 13:41:56.982 [info] > git for-each-ref --format=%(refname)%00%(upstream:short)%00%(objectname)%00%(upstream:track)%00%(upstream:remotename)%00%(upstream:remoteref) refs/heads/master refs/remotes/master [3ms]
2023-04-10 13:41:57.002 [info] > git status -z -uall [17ms]
2023-04-10 13:41:57.575 [info] > git check-ignore -v -z --stdin [3ms]
2023-04-10 13:42:01.151 [info] No remotes found in the git config file.
2023-04-10 13:42:01.152 [info] > git config --get commit.template [6ms]
2023-04-10 13:42:01.154 [info] > git for-each-ref --format=%(refname)%00%(upstream:short)%00%(objectname)%00%(upstream:track)%00%(upstream:remotename)%00%(upstream:remoteref) refs/heads/master refs/remotes/master [2ms]
2023-04-10 13:42:01.174 [info] > git status -z -uall [17ms]
2023-04-10 13:42:06.188 [info] No remotes found in the git config file.
2023-04-10 13:42:06.189 [info] > git config --get commit.template [5ms]
2023-04-10 13:42:06.190 [info] > git for-each-ref --format=%(refname)%00%(upstream:short)%00%(objectname)%00%(upstream:track)%00%(upstream:remotename)%00%(upstream:remoteref) refs/heads/master refs/remotes/master [2ms]
2023-04-10 13:42:06.209 [info] > git status -z -uall [16ms]
2023-04-10 13:42:09.640 [info] > git add -A -- . [26ms]
2023-04-10 13:42:09.663 [info] > git -c user.useConfigOnly=true commit --quiet --allow-empty-message --file - [19ms]
2023-04-10 13:42:09.669 [info] > git config --get commit.template [1ms]
2023-04-10 13:42:09.677 [info] No remotes found in the git config file.
2023-04-10 13:42:09.678 [info] > git config --get commit.template [4ms]
2023-04-10 13:42:09.679 [info] > git for-each-ref --format=%(refname)%00%(upstream:short)%00%(objectname)%00%(upstream:track)%00%(upstream:remotename)%00%(upstream:remoteref) refs/heads/master refs/remotes/master [2ms]
2023-04-10 13:42:09.699 [info] > git status -z -uall [17ms]
2023-04-10 13:42:09.896 [info] No remotes found in the git config file.
2023-04-10 13:42:09.897 [info] > git config --get commit.template [5ms]
2023-04-10 13:42:09.899 [info] > git for-each-ref --format=%(refname)%00%(upstream:short)%00%(objectname)%00%(upstream:track)%00%(upstream:remotename)%00%(upstream:remoteref) refs/heads/master refs/remotes/master [3ms]
2023-04-10 13:42:09.918 [info] > git status -z -uall [16ms]
2023-04-10 13:42:11.221 [info] No remotes found in the git config file.
2023-04-10 13:42:11.222 [info] > git config --get commit.template [6ms]
2023-04-10 13:42:11.223 [info] > git for-each-ref --format=%(refname)%00%(upstream:short)%00%(objectname)%00%(upstream:track)%00%(upstream:remotename)%00%(upstream:remoteref) refs/heads/master refs/remotes/master [2ms]
2023-04-10 13:42:11.242 [info] > git status -z -uall [16ms]
2023-04-10 13:42:16.254 [info] No remotes found in the git config file.
2023-04-10 13:42:16.255 [info] > git config --get commit.template [5ms]
2023-04-10 13:42:16.258 [info] > git for-each-ref --format=%(refname)%00%(upstream:short)%00%(objectname)%00%(upstream:track)%00%(upstream:remotename)%00%(upstream:remoteref) refs/heads/master refs/remotes/master [4ms]
2023-04-10 13:42:16.277 [info] > git status -z -uall [16ms]
2023-04-10 13:42:19.173 [info] > git add -A -- . [25ms]
2023-04-10 13:42:19.197 [info] > git -c user.useConfigOnly=true commit --quiet --allow-empty-message --file - [21ms]
2023-04-10 13:42:19.202 [info] > git config --get commit.template [1ms]
2023-04-10 13:42:19.211 [info] No remotes found in the git config file.
2023-04-10 13:42:19.211 [info] > git config --get commit.template [5ms]
2023-04-10 13:42:19.213 [info] > git for-each-ref --format=%(refname)%00%(upstream:short)%00%(objectname)%00%(upstream:track)%00%(upstream:remotename)%00%(upstream:remoteref) refs/heads/master refs/remotes/master [3ms]
2023-04-10 13:42:19.232 [info] > git status -z -uall [17ms]
2023-04-10 13:42:19.419 [info] No remotes found in the git config file.
2023-04-10 13:42:19.420 [info] > git config --get commit.template [5ms]
2023-04-10 13:42:19.421 [info] > git for-each-ref --format=%(refname)%00%(upstream:short)%00%(objectname)%00%(upstream:track)%00%(upstream:remotename)%00%(upstream:remoteref) refs/heads/master refs/remotes/master [2ms]
2023-04-10 13:42:19.440 [info] > git status -z -uall [16ms]
2023-04-10 13:42:21.290 [info] No remotes found in the git config file.
2023-04-10 13:42:21.290 [info] > git config --get commit.template [4ms]
2023-04-10 13:42:21.292 [info] > git for-each-ref --format=%(refname)%00%(upstream:short)%00%(objectname)%00%(upstream:track)%00%(upstream:remotename)%00%(upstream:remoteref) refs/heads/master refs/remotes/master [2ms]
2023-04-10 13:42:21.311 [info] > git status -z -uall [16ms]
2023-04-10 13:42:21.433 [info] > git show --textconv HEAD:.vscode-server/data/logs/20230410T132002/exthost4/vscode.git/Git.log [16ms]
2023-04-10 13:42:21.435 [info] > git ls-tree -l HEAD -- /home/ubuntu/.vscode-server/data/logs/20230410T132002/exthost4/vscode.git/Git.log [13ms]
2023-04-10 13:42:21.944 [info] > git check-ignore -v -z --stdin [3ms]
2023-04-10 13:42:23.791 [info] > git add -A -- /home/ubuntu/.vscode-server/data/logs/20230410T132002/exthost4/vscode.git/Git.log [11ms]
2023-04-10 13:42:23.801 [info] No remotes found in the git config file.
2023-04-10 13:42:23.801 [info] > git config --get commit.template [4ms]
2023-04-10 13:42:23.803 [info] > git for-each-ref --format=%(refname)%00%(upstream:short)%00%(objectname)%00%(upstream:track)%00%(upstream:remotename)%00%(upstream:remoteref) refs/heads/master refs/remotes/master [3ms]
2023-04-10 13:42:23.822 [info] > git status -z -uall [16ms]
2023-04-10 13:42:25.364 [info] > git ls-files --stage -- /home/ubuntu/.vscode-server/data/logs/20230410T132002/exthost4/vscode.git/Git.log [3ms]
2023-04-10 13:42:25.370 [info] > git cat-file -s 17ba4a357247ad6221a0520c49f0a21d743624e6 [1ms]
2023-04-10 13:42:25.516 [info] > git show --textconv :.vscode-server/data/logs/20230410T132002/exthost4/vscode.git/Git.log [4ms]
2023-04-10 13:42:26.322 [info] No remotes found in the git config file.
2023-04-10 13:42:26.323 [info] > git config --get commit.template [5ms]
2023-04-10 13:42:26.325 [info] > git for-each-ref --format=%(refname)%00%(upstream:short)%00%(objectname)%00%(upstream:track)%00%(upstream:remotename)%00%(upstream:remoteref) refs/heads/master refs/remotes/master [3ms]
2023-04-10 13:42:26.344 [info] > git status -z -uall [16ms]
2023-04-10 13:42:29.102 [info] > git -c user.useConfigOnly=true commit --quiet --allow-empty-message --file - [21ms]
2023-04-10 13:42:29.107 [info] > git config --get commit.template [2ms]
2023-04-10 13:42:29.115 [info] No remotes found in the git config file.
2023-04-10 13:42:29.115 [info] > git config --get commit.template [4ms]
2023-04-10 13:42:29.117 [info] > git for-each-ref --format=%(refname)%00%(upstream:short)%00%(objectname)%00%(upstream:track)%00%(upstream:remotename)%00%(upstream:remoteref) refs/heads/master refs/remotes/master [2ms]
2023-04-10 13:42:29.137 [info] > git status -z -uall [16ms]
2023-04-10 13:42:29.345 [info] No remotes found in the git config file.
2023-04-10 13:42:29.345 [info] > git config --get commit.template [6ms]
2023-04-10 13:42:29.347 [info] > git for-each-ref --format=%(refname)%00%(upstream:short)%00%(objectname)%00%(upstream:track)%00%(upstream:remotename)%00%(upstream:remoteref) refs/heads/master refs/remotes/master [3ms]
2023-04-10 13:42:29.366 [info] > git status -z -uall [16ms]
2023-04-10 13:42:30.669 [info] > git ls-tree -l HEAD -- /home/ubuntu/.vscode-server/data/logs/20230410T132002/exthost4/vscode.git/Git.log [4ms]
2023-04-10 13:42:30.815 [info] > git show --textconv HEAD:.vscode-server/data/logs/20230410T132002/exthost4/vscode.git/Git.log [3ms]
2023-04-10 13:42:31.358 [info] No remotes found in the git config file.
2023-04-10 13:42:31.358 [info] > git config --get commit.template [6ms]
2023-04-10 13:42:31.360 [info] > git for-each-ref --format=%(refname)%00%(upstream:short)%00%(objectname)%00%(upstream:track)%00%(upstream:remotename)%00%(upstream:remoteref) refs/heads/master refs/remotes/master [2ms]
2023-04-10 13:42:31.379 [info] > git status -z -uall [16ms]
2023-04-10 13:42:36.075 [info] > git check-ignore -v -z --stdin [4ms]
2023-04-10 13:42:36.390 [info] No remotes found in the git config file.
2023-04-10 13:42:36.391 [info] > git config --get commit.template [5ms]
2023-04-10 13:42:36.393 [info] > git for-each-ref --format=%(refname)%00%(upstream:short)%00%(objectname)%00%(upstream:track)%00%(upstream:remotename)%00%(upstream:remoteref) refs/heads/master refs/remotes/master [3ms]
2023-04-10 13:42:36.412 [info] > git status -z -uall [17ms]
2023-04-10 13:42:41.424 [info] No remotes found in the git config file.
2023-04-10 13:42:41.424 [info] > git config --get commit.template [5ms]
2023-04-10 13:42:41.426 [info] > git for-each-ref --format=%(refname)%00%(upstream:short)%00%(objectname)%00%(upstream:track)%00%(upstream:remotename)%00%(upstream:remoteref) refs/heads/master refs/remotes/master [2ms]
2023-04-10 13:42:41.446 [info] > git status -z -uall [17ms]
2023-04-10 13:42:46.465 [info] No remotes found in the git config file.
2023-04-10 13:42:46.466 [info] > git config --get commit.template [12ms]
2023-04-10 13:42:46.467 [info] > git for-each-ref --format=%(refname)%00%(upstream:short)%00%(objectname)%00%(upstream:track)%00%(upstream:remotename)%00%(upstream:remoteref) refs/heads/master refs/remotes/master [2ms]
2023-04-10 13:42:46.487 [info] > git status -z -uall [17ms]
