2023-04-10 13:20:25.526 [info] Log level: Info
2023-04-10 13:20:25.526 [info] Validating found git in: "git"
2023-04-10 13:20:25.526 [info] Using git "2.25.1" from "git"
2023-04-10 13:20:25.526 [info] > git rev-parse --show-toplevel [41ms]
2023-04-10 13:20:25.526 [info] > git rev-parse --git-dir --git-common-dir [2ms]
2023-04-10 13:20:25.526 [info] Open repository: /home/ubuntu/Project_13_Ansible_config_mgt_3-
2023-04-10 13:20:25.526 [info] > git rev-parse --show-toplevel [15ms]
2023-04-10 13:20:25.526 [info] > git config --get commit.template [16ms]
2023-04-10 13:20:25.526 [info] > git rev-parse --show-toplevel [8ms]
2023-04-10 13:20:25.526 [info] > git rev-parse --show-toplevel [4ms]
2023-04-10 13:20:25.526 [info] > git for-each-ref --format=%(refname)%00%(upstream:short)%00%(objectname)%00%(upstream:track)%00%(upstream:remotename)%00%(upstream:remoteref) refs/heads/main refs/remotes/main [13ms]
2023-04-10 13:20:25.526 [info] > git rev-parse --show-toplevel [9ms]
2023-04-10 13:20:25.526 [info] > git rev-parse --show-toplevel [3ms]
2023-04-10 13:20:25.526 [info] > git rev-parse --show-toplevel [3ms]
2023-04-10 13:20:25.526 [info] > git status -z -uall [23ms]
2023-04-10 13:20:25.526 [info] > git config --get commit.template [6ms]
2023-04-10 13:20:25.526 [info] > git for-each-ref --format=%(refname)%00%(upstream:short)%00%(objectname)%00%(upstream:track)%00%(upstream:remotename)%00%(upstream:remoteref) refs/heads/main refs/remotes/main [3ms]
2023-04-10 13:20:25.526 [info] > git status -z -uall [36ms]
2023-04-10 13:20:25.526 [info] > git check-ignore -v -z --stdin [12ms]
2023-04-10 13:20:27.425 [info] > git check-ignore -v -z --stdin [3ms]
2023-04-10 13:20:30.095 [info] > git show --textconv :dynamic-assignments/env-vars.yml [7ms]
2023-04-10 13:20:30.098 [info] > git ls-files --stage -- /home/ubuntu/Project_13_Ansible_config_mgt_3-/dynamic-assignments/env-vars.yml [4ms]
2023-04-10 13:20:30.102 [info] > git cat-file -s 8b3bc42e75d670b8e47559647754f971a561cb91 [2ms]
2023-04-10 13:20:33.595 [info] > git check-ignore -v -z --stdin [3ms]
2023-04-10 13:21:11.054 [info] > git check-ignore -v -z --stdin [3ms]
2023-04-10 13:21:12.900 [info] > git show --textconv :static-assignments/uat-webservers.yml [5ms]
2023-04-10 13:21:12.903 [info] > git ls-files --stage -- /home/ubuntu/Project_13_Ansible_config_mgt_3-/static-assignments/uat-webservers.yml [3ms]
2023-04-10 13:21:12.908 [info] > git cat-file -s 76b2fbc3d77906cb2f1ea18a9e1b3c78d39ecd99 [1ms]
2023-04-10 13:21:17.099 [info] > git check-ignore -v -z --stdin [2ms]
2023-04-10 13:21:18.697 [info] > git show --textconv :playbooks/site.yml [5ms]
2023-04-10 13:21:18.700 [info] > git ls-files --stage -- /home/ubuntu/Project_13_Ansible_config_mgt_3-/playbooks/site.yml [4ms]
2023-04-10 13:21:18.704 [info] > git cat-file -s 4251f964ceb37ddb1976cc726d8aad611b6a7b2c [2ms]
