2023-04-10 13:22:25.617 [info] Extension host with pid 18645 started
2023-04-10 13:22:25.624 [error] Error: EEXIST: file already exists, open '/home/ubuntu/.vscode-server/data/User/workspaceStorage/d8026dc85a2459dde69589406ecc0920/vscode.lock'
2023-04-10 13:22:25.630 [info] Lock '/home/ubuntu/.vscode-server/data/User/workspaceStorage/d8026dc85a2459dde69589406ecc0920/vscode.lock': Could not acquire lock, checking if the file is stale.
2023-04-10 13:22:25.642 [info] Lock '/home/ubuntu/.vscode-server/data/User/workspaceStorage/d8026dc85a2459dde69589406ecc0920/vscode.lock': The lock does not look stale, elapsed: 480 ms, giving up.
2023-04-10 13:22:25.646 [info] Lock '/home/ubuntu/.vscode-server/data/User/workspaceStorage/d8026dc85a2459dde69589406ecc0920-1/vscode.lock': Lock acquired.
2023-04-10 13:22:26.019 [info] ExtensionService#_doActivateExtension vscode.emmet, startup: false, activationEvent: 'onLanguage'
2023-04-10 13:22:26.223 [info] ExtensionService#_doActivateExtension vscode.git-base, startup: true, activationEvent: '*', root cause: vscode.git
2023-04-10 13:22:26.376 [info] ExtensionService#_doActivateExtension vscode.git, startup: true, activationEvent: '*'
2023-04-10 13:22:26.378 [info] ExtensionService#_doActivateExtension vscode.github, startup: true, activationEvent: '*'
2023-04-10 13:22:26.821 [info] Eager extensions activated
2023-04-10 13:22:26.822 [info] ExtensionService#_doActivateExtension vscode.debug-auto-launch, startup: false, activationEvent: 'onStartupFinished'
2023-04-10 13:22:26.823 [info] ExtensionService#_doActivateExtension vscode.merge-conflict, startup: false, activationEvent: 'onStartupFinished'
2023-04-10 13:24:04.843 [info] ExtensionService#_doActivateExtension vscode.npm, startup: false, activationEvent: 'onTerminalQuickFixRequest:ms-vscode.npm-command'
2023-04-10 13:34:55.985 [info] ExtensionService#_doActivateExtension vscode.configuration-editing, startup: false, activationEvent: 'onLanguage:jsonc'
2023-04-10 13:34:55.987 [info] ExtensionService#_doActivateExtension vscode.json-language-features, startup: false, activationEvent: 'onLanguage:jsonc'
2023-04-10 13:34:55.987 [info] ExtensionService#_doActivateExtension vscode.typescript-language-features, startup: false, activationEvent: 'onLanguage:jsonc'
2023-04-10 13:36:30.325 [error] Error: Repository not initialized
	at A.W (/home/ubuntu/.vscode-server/bin/7f329fe6c66b0f86ae1574c2911b681ad5a45d63/extensions/git/dist/main.js:2:1529775)
	at A.checkIgnore (/home/ubuntu/.vscode-server/bin/7f329fe6c66b0f86ae1574c2911b681ad5a45d63/extensions/git/dist/main.js:2:1528661)
	at c.g (/home/ubuntu/.vscode-server/bin/7f329fe6c66b0f86ae1574c2911b681ad5a45d63/extensions/git/dist/main.js:2:1420524)
	at Timeout._onTimeout (/home/ubuntu/.vscode-server/bin/7f329fe6c66b0f86ae1574c2911b681ad5a45d63/extensions/git/dist/main.js:2:1423828)
	at listOnTimeout (node:internal/timers:559:17)
	at processTimers (node:internal/timers:502:7)
2023-04-10 13:36:31.327 [error] Error: Repository not initialized
	at A.W (/home/ubuntu/.vscode-server/bin/7f329fe6c66b0f86ae1574c2911b681ad5a45d63/extensions/git/dist/main.js:2:1529775)
	at A.checkIgnore (/home/ubuntu/.vscode-server/bin/7f329fe6c66b0f86ae1574c2911b681ad5a45d63/extensions/git/dist/main.js:2:1528661)
	at c.g (/home/ubuntu/.vscode-server/bin/7f329fe6c66b0f86ae1574c2911b681ad5a45d63/extensions/git/dist/main.js:2:1420524)
	at Timeout._onTimeout (/home/ubuntu/.vscode-server/bin/7f329fe6c66b0f86ae1574c2911b681ad5a45d63/extensions/git/dist/main.js:2:1423828)
	at listOnTimeout (node:internal/timers:559:17)
	at processTimers (node:internal/timers:502:7)
2023-04-10 13:39:46.871 [info] Extension host terminating: received terminate message from renderer
2023-04-10 13:39:46.873 [info] Lock '/home/ubuntu/.vscode-server/data/User/workspaceStorage/d8026dc85a2459dde69589406ecc0920-1/vscode.lock': Marking the lockfile as scheduled to be released in 6000 ms.
2023-04-10 13:39:46.911 [info] Extension host with pid 18645 exiting with code 0
