*
* Visual Studio Code Server
*
* By using the software, you agree to
* the Visual Studio Code Server License Terms (https://aka.ms/vscode-server-license) and
* the Microsoft Privacy Statement (https://privacy.microsoft.com/en-US/privacystatement).
*
Server bound to 127.0.0.1:43069 (IPv4)
Extension host agent listening on 43069

[09:55:42] 




[09:55:42] Extension host agent started.
[09:55:43] [127.0.0.1][398f33d9][ManagementConnection] New connection established.
[09:55:43] [127.0.0.1][d3bdaeff][ExtensionHostConnection] New connection established.
[09:55:43] [127.0.0.1][d3bdaeff][ExtensionHostConnection] <1337> Launched Extension Host Process.
[IPC Library: Pty Host]  WARN Shell integration cannot be enabled for executable "/bin/sh" and args [
  '-c',
  'ln -f -s "/tmp/ssh-liRmvHLidO/agent.1166" "/run/user/1000/vscode-ssh-auth-sock-699617711"\n' +
    'exit 0'
]
[IPC Library: Pty Host]  WARN Shell integration cannot be enabled for executable "/bin/sh" and args [
  '-c',
  'wget --version > /dev/null\n' +
    'if [ $? -eq 0 ]\n' +
    'then\n' +
    "\twget --connect-timeout=7 --tries=1 --dns-timeout=7 -q --header='Metadata:true' -O - http://169.254.169.254/metadata/instance?api-version=2019-03-11\n" +
    'else\n' +
    '\tcurl --version > /dev/null\n' +
    '\tif [ $? -eq 0 ]\n' +
    '\tthen\n' +
    "\t\tcurl --connect-timeout 7 -s --header='Metadata:true' http://169.254.169.254/metadata/instance?api-version=2019-03-11\n" +
    '\tfi\n' +
    'fi\n' +
    'exit 0'
]
[IPC Library: Pty Host]  WARN Shell integration cannot be enabled for executable "/bin/sh" and args [
  '-c',
  'wget --version > /dev/null\n' +
    'if [ $? -eq 0 ]\n' +
    'then\n' +
    '\twget --connect-timeout=7 --tries=1 --dns-timeout=7 -q  -O - http://169.254.169.254/latest/meta-data/instance-id\n' +
    'else\n' +
    '\tcurl --version > /dev/null\n' +
    '\tif [ $? -eq 0 ]\n' +
    '\tthen\n' +
    '\t\tcurl --connect-timeout 7 -s  http://169.254.169.254/latest/meta-data/instance-id\n' +
    '\tfi\n' +
    'fi\n' +
    'exit 0'
]
[IPC Library: Pty Host]  WARN Shell integration cannot be enabled for executable "/bin/sh" and args [
  '-c',
  'wget --version > /dev/null\n' +
    'if [ $? -eq 0 ]\n' +
    'then\n' +
    '\twget --connect-timeout=7 --tries=1 --dns-timeout=7 -q  -O - http://169.254.169.254/metadata/v1/id\n' +
    'else\n' +
    '\tcurl --version > /dev/null\n' +
    '\tif [ $? -eq 0 ]\n' +
    '\tthen\n' +
    '\t\tcurl --connect-timeout 7 -s  http://169.254.169.254/metadata/v1/id\n' +
    '\tfi\n' +
    'fi\n' +
    'exit 0'
]
[IPC Library: Pty Host]  WARN Shell integration cannot be enabled for executable "/bin/sh" and args [
  '-c',
  'wget --version > /dev/null\n' +
    'if [ $? -eq 0 ]\n' +
    'then\n' +
    "\twget --connect-timeout=7 --tries=1 --dns-timeout=7 -q --header='Metadata-Flavor:Google' -O - http://metadata.google.internal/computeMetadata/v1/instance/id\n" +
    'else\n' +
    '\tcurl --version > /dev/null\n' +
    '\tif [ $? -eq 0 ]\n' +
    '\tthen\n' +
    "\t\tcurl --connect-timeout 7 -s --header='Metadata-Flavor:Google' http://metadata.google.internal/computeMetadata/v1/instance/id\n" +
    '\tfi\n' +
    'fi\n' +
    'exit 0'
]
[09:56:23] [127.0.0.1][398f33d9][ManagementConnection] The client has disconnected gracefully, so the connection will be disposed.
[09:56:23] [127.0.0.1][d3bdaeff][ExtensionHostConnection] <1337> Extension Host Process exited with code: 0, signal: null.
Cancelling previous shutdown timeout
[09:56:23] Cancelling previous shutdown timeout
Last EH closed, waiting before shutting down
[09:56:23] Last EH closed, waiting before shutting down
Got delay-shutdown request while in shutdown timeout, delaying
[09:56:27] Got delay-shutdown request while in shutdown timeout, delaying
Cancelling previous shutdown timeout
[09:56:27] Cancelling previous shutdown timeout
[09:56:27] [127.0.0.1][8ed8bb45][ManagementConnection] New connection established.
[09:56:28] [127.0.0.1][1900a368][ExtensionHostConnection] New connection established.
[09:56:28] [127.0.0.1][1900a368][ExtensionHostConnection] <1505> Launched Extension Host Process.
[IPC Library: Pty Host]  WARN Shell integration cannot be enabled for executable "/bin/sh" and args [
  '-c',
  'ln -f -s "/tmp/ssh-Uwr6ifUItl/agent.1452" "/run/user/1000/vscode-ssh-auth-sock-842442881"\n' +
    'exit 0'
]
[IPC Library: Pty Host]  WARN Shell integration cannot be enabled for executable "/bin/sh" and args [
  '-c',
  'wget --version > /dev/null\n' +
    'if [ $? -eq 0 ]\n' +
    'then\n' +
    "\twget --connect-timeout=7 --tries=1 --dns-timeout=7 -q --header='Metadata:true' -O - http://169.254.169.254/metadata/instance?api-version=2019-03-11\n" +
    'else\n' +
    '\tcurl --version > /dev/null\n' +
    '\tif [ $? -eq 0 ]\n' +
    '\tthen\n' +
    "\t\tcurl --connect-timeout 7 -s --header='Metadata:true' http://169.254.169.254/metadata/instance?api-version=2019-03-11\n" +
    '\tfi\n' +
    'fi\n' +
    'exit 0'
]
[IPC Library: Pty Host]  WARN Shell integration cannot be enabled for executable "/bin/sh" and args [
  '-c',
  'wget --version > /dev/null\n' +
    'if [ $? -eq 0 ]\n' +
    'then\n' +
    '\twget --connect-timeout=7 --tries=1 --dns-timeout=7 -q  -O - http://169.254.169.254/latest/meta-data/instance-id\n' +
    'else\n' +
    '\tcurl --version > /dev/null\n' +
    '\tif [ $? -eq 0 ]\n' +
    '\tthen\n' +
    '\t\tcurl --connect-timeout 7 -s  http://169.254.169.254/latest/meta-data/instance-id\n' +
    '\tfi\n' +
    'fi\n' +
    'exit 0'
]
[IPC Library: Pty Host]  WARN Shell integration cannot be enabled for executable "/bin/sh" and args [
  '-c',
  'wget --version > /dev/null\n' +
    'if [ $? -eq 0 ]\n' +
    'then\n' +
    '\twget --connect-timeout=7 --tries=1 --dns-timeout=7 -q  -O - http://169.254.169.254/metadata/v1/id\n' +
    'else\n' +
    '\tcurl --version > /dev/null\n' +
    '\tif [ $? -eq 0 ]\n' +
    '\tthen\n' +
    '\t\tcurl --connect-timeout 7 -s  http://169.254.169.254/metadata/v1/id\n' +
    '\tfi\n' +
    'fi\n' +
    'exit 0'
]
[IPC Library: Pty Host]  WARN Shell integration cannot be enabled for executable "/bin/sh" and args [
  '-c',
  'wget --version > /dev/null\n' +
    'if [ $? -eq 0 ]\n' +
    'then\n' +
    "\twget --connect-timeout=7 --tries=1 --dns-timeout=7 -q --header='Metadata-Flavor:Google' -O - http://metadata.google.internal/computeMetadata/v1/instance/id\n" +
    'else\n' +
    '\tcurl --version > /dev/null\n' +
    '\tif [ $? -eq 0 ]\n' +
    '\tthen\n' +
    "\t\tcurl --connect-timeout 7 -s --header='Metadata-Flavor:Google' http://metadata.google.internal/computeMetadata/v1/instance/id\n" +
    '\tfi\n' +
    'fi\n' +
    'exit 0'
]
rejected promise not handled within 1 second: CodeExpectedError: Could not find pty on pty host
stack trace: CodeExpectedError: Could not find pty on pty host
    at L (/home/ubuntu/.vscode-server/bin/7f329fe6c66b0f86ae1574c2911b681ad5a45d63/out/vs/platform/terminal/node/ptyHostMain.js:28:6849)
    at L.updateTitle (/home/ubuntu/.vscode-server/bin/7f329fe6c66b0f86ae1574c2911b681ad5a45d63/out/vs/platform/terminal/node/ptyHostMain.js:28:2630)
    at Object.call (/home/ubuntu/.vscode-server/bin/7f329fe6c66b0f86ae1574c2911b681ad5a45d63/out/vs/platform/terminal/node/ptyHostMain.js:17:5043)
    at g.s (/home/ubuntu/.vscode-server/bin/7f329fe6c66b0f86ae1574c2911b681ad5a45d63/out/vs/platform/terminal/node/ptyHostMain.js:15:5413)
    at g.q (/home/ubuntu/.vscode-server/bin/7f329fe6c66b0f86ae1574c2911b681ad5a45d63/out/vs/platform/terminal/node/ptyHostMain.js:15:4916)
    at /home/ubuntu/.vscode-server/bin/7f329fe6c66b0f86ae1574c2911b681ad5a45d63/out/vs/platform/terminal/node/ptyHostMain.js:15:4327
    at c.invoke (/home/ubuntu/.vscode-server/bin/7f329fe6c66b0f86ae1574c2911b681ad5a45d63/out/vs/platform/terminal/node/ptyHostMain.js:11:145)
    at f.deliver (/home/ubuntu/.vscode-server/bin/7f329fe6c66b0f86ae1574c2911b681ad5a45d63/out/vs/platform/terminal/node/ptyHostMain.js:11:2125)
    at n.fire (/home/ubuntu/.vscode-server/bin/7f329fe6c66b0f86ae1574c2911b681ad5a45d63/out/vs/platform/terminal/node/ptyHostMain.js:11:1733)
    at process.T (/home/ubuntu/.vscode-server/bin/7f329fe6c66b0f86ae1574c2911b681ad5a45d63/out/vs/platform/terminal/node/ptyHostMain.js:9:21039)
    at process.emit (node:events:526:28)
    at emit (node:internal/child_process:938:14)
    at processTicksAndRejections (node:internal/process/task_queues:84:21)
[09:56:30] Error [CodeExpectedError]: Could not find pty on pty host
    at L (/home/ubuntu/.vscode-server/bin/7f329fe6c66b0f86ae1574c2911b681ad5a45d63/out/vs/platform/terminal/node/ptyHostMain.js:28:6849)
    at L.updateTitle (/home/ubuntu/.vscode-server/bin/7f329fe6c66b0f86ae1574c2911b681ad5a45d63/out/vs/platform/terminal/node/ptyHostMain.js:28:2630)
    at Object.call (/home/ubuntu/.vscode-server/bin/7f329fe6c66b0f86ae1574c2911b681ad5a45d63/out/vs/platform/terminal/node/ptyHostMain.js:17:5043)
    at g.s (/home/ubuntu/.vscode-server/bin/7f329fe6c66b0f86ae1574c2911b681ad5a45d63/out/vs/platform/terminal/node/ptyHostMain.js:15:5413)
    at g.q (/home/ubuntu/.vscode-server/bin/7f329fe6c66b0f86ae1574c2911b681ad5a45d63/out/vs/platform/terminal/node/ptyHostMain.js:15:4916)
    at /home/ubuntu/.vscode-server/bin/7f329fe6c66b0f86ae1574c2911b681ad5a45d63/out/vs/platform/terminal/node/ptyHostMain.js:15:4327
    at c.invoke (/home/ubuntu/.vscode-server/bin/7f329fe6c66b0f86ae1574c2911b681ad5a45d63/out/vs/platform/terminal/node/ptyHostMain.js:11:145)
    at f.deliver (/home/ubuntu/.vscode-server/bin/7f329fe6c66b0f86ae1574c2911b681ad5a45d63/out/vs/platform/terminal/node/ptyHostMain.js:11:2125)
    at n.fire (/home/ubuntu/.vscode-server/bin/7f329fe6c66b0f86ae1574c2911b681ad5a45d63/out/vs/platform/terminal/node/ptyHostMain.js:11:1733)
    at process.T (/home/ubuntu/.vscode-server/bin/7f329fe6c66b0f86ae1574c2911b681ad5a45d63/out/vs/platform/terminal/node/ptyHostMain.js:9:21039)
    at process.emit (node:events:526:28)
    at emit (node:internal/child_process:938:14)
    at processTicksAndRejections (node:internal/process/task_queues:84:21)
rejected promise not handled within 1 second: CodeExpectedError: Could not find pty on pty host
stack trace: CodeExpectedError: Could not find pty on pty host
    at L (/home/ubuntu/.vscode-server/bin/7f329fe6c66b0f86ae1574c2911b681ad5a45d63/out/vs/platform/terminal/node/ptyHostMain.js:28:6849)
    at L.updateIcon (/home/ubuntu/.vscode-server/bin/7f329fe6c66b0f86ae1574c2911b681ad5a45d63/out/vs/platform/terminal/node/ptyHostMain.js:28:2680)
    at Object.call (/home/ubuntu/.vscode-server/bin/7f329fe6c66b0f86ae1574c2911b681ad5a45d63/out/vs/platform/terminal/node/ptyHostMain.js:17:5043)
    at g.s (/home/ubuntu/.vscode-server/bin/7f329fe6c66b0f86ae1574c2911b681ad5a45d63/out/vs/platform/terminal/node/ptyHostMain.js:15:5413)
    at g.q (/home/ubuntu/.vscode-server/bin/7f329fe6c66b0f86ae1574c2911b681ad5a45d63/out/vs/platform/terminal/node/ptyHostMain.js:15:4916)
    at /home/ubuntu/.vscode-server/bin/7f329fe6c66b0f86ae1574c2911b681ad5a45d63/out/vs/platform/terminal/node/ptyHostMain.js:15:4327
    at c.invoke (/home/ubuntu/.vscode-server/bin/7f329fe6c66b0f86ae1574c2911b681ad5a45d63/out/vs/platform/terminal/node/ptyHostMain.js:11:145)
    at f.deliver (/home/ubuntu/.vscode-server/bin/7f329fe6c66b0f86ae1574c2911b681ad5a45d63/out/vs/platform/terminal/node/ptyHostMain.js:11:2125)
    at n.fire (/home/ubuntu/.vscode-server/bin/7f329fe6c66b0f86ae1574c2911b681ad5a45d63/out/vs/platform/terminal/node/ptyHostMain.js:11:1733)
    at process.T (/home/ubuntu/.vscode-server/bin/7f329fe6c66b0f86ae1574c2911b681ad5a45d63/out/vs/platform/terminal/node/ptyHostMain.js:9:21039)
    at process.emit (node:events:526:28)
    at emit (node:internal/child_process:938:14)
    at processTicksAndRejections (node:internal/process/task_queues:84:21)
[09:56:31] Error [CodeExpectedError]: Could not find pty on pty host
    at L (/home/ubuntu/.vscode-server/bin/7f329fe6c66b0f86ae1574c2911b681ad5a45d63/out/vs/platform/terminal/node/ptyHostMain.js:28:6849)
    at L.updateIcon (/home/ubuntu/.vscode-server/bin/7f329fe6c66b0f86ae1574c2911b681ad5a45d63/out/vs/platform/terminal/node/ptyHostMain.js:28:2680)
    at Object.call (/home/ubuntu/.vscode-server/bin/7f329fe6c66b0f86ae1574c2911b681ad5a45d63/out/vs/platform/terminal/node/ptyHostMain.js:17:5043)
    at g.s (/home/ubuntu/.vscode-server/bin/7f329fe6c66b0f86ae1574c2911b681ad5a45d63/out/vs/platform/terminal/node/ptyHostMain.js:15:5413)
    at g.q (/home/ubuntu/.vscode-server/bin/7f329fe6c66b0f86ae1574c2911b681ad5a45d63/out/vs/platform/terminal/node/ptyHostMain.js:15:4916)
    at /home/ubuntu/.vscode-server/bin/7f329fe6c66b0f86ae1574c2911b681ad5a45d63/out/vs/platform/terminal/node/ptyHostMain.js:15:4327
    at c.invoke (/home/ubuntu/.vscode-server/bin/7f329fe6c66b0f86ae1574c2911b681ad5a45d63/out/vs/platform/terminal/node/ptyHostMain.js:11:145)
    at f.deliver (/home/ubuntu/.vscode-server/bin/7f329fe6c66b0f86ae1574c2911b681ad5a45d63/out/vs/platform/terminal/node/ptyHostMain.js:11:2125)
    at n.fire (/home/ubuntu/.vscode-server/bin/7f329fe6c66b0f86ae1574c2911b681ad5a45d63/out/vs/platform/terminal/node/ptyHostMain.js:11:1733)
    at process.T (/home/ubuntu/.vscode-server/bin/7f329fe6c66b0f86ae1574c2911b681ad5a45d63/out/vs/platform/terminal/node/ptyHostMain.js:9:21039)
    at process.emit (node:events:526:28)
    at emit (node:internal/child_process:938:14)
    at processTicksAndRejections (node:internal/process/task_queues:84:21)
rejected promise not handled within 1 second: CodeExpectedError: Could not find pty on pty host
stack trace: CodeExpectedError: Could not find pty on pty host
    at L (/home/ubuntu/.vscode-server/bin/7f329fe6c66b0f86ae1574c2911b681ad5a45d63/out/vs/platform/terminal/node/ptyHostMain.js:28:6849)
    at L.updateTitle (/home/ubuntu/.vscode-server/bin/7f329fe6c66b0f86ae1574c2911b681ad5a45d63/out/vs/platform/terminal/node/ptyHostMain.js:28:2630)
    at Object.call (/home/ubuntu/.vscode-server/bin/7f329fe6c66b0f86ae1574c2911b681ad5a45d63/out/vs/platform/terminal/node/ptyHostMain.js:17:5043)
    at g.s (/home/ubuntu/.vscode-server/bin/7f329fe6c66b0f86ae1574c2911b681ad5a45d63/out/vs/platform/terminal/node/ptyHostMain.js:15:5413)
    at g.q (/home/ubuntu/.vscode-server/bin/7f329fe6c66b0f86ae1574c2911b681ad5a45d63/out/vs/platform/terminal/node/ptyHostMain.js:15:4916)
    at /home/ubuntu/.vscode-server/bin/7f329fe6c66b0f86ae1574c2911b681ad5a45d63/out/vs/platform/terminal/node/ptyHostMain.js:15:4327
    at c.invoke (/home/ubuntu/.vscode-server/bin/7f329fe6c66b0f86ae1574c2911b681ad5a45d63/out/vs/platform/terminal/node/ptyHostMain.js:11:145)
    at f.deliver (/home/ubuntu/.vscode-server/bin/7f329fe6c66b0f86ae1574c2911b681ad5a45d63/out/vs/platform/terminal/node/ptyHostMain.js:11:2125)
    at n.fire (/home/ubuntu/.vscode-server/bin/7f329fe6c66b0f86ae1574c2911b681ad5a45d63/out/vs/platform/terminal/node/ptyHostMain.js:11:1733)
    at process.T (/home/ubuntu/.vscode-server/bin/7f329fe6c66b0f86ae1574c2911b681ad5a45d63/out/vs/platform/terminal/node/ptyHostMain.js:9:21039)
    at process.emit (node:events:526:28)
    at emit (node:internal/child_process:938:14)
    at processTicksAndRejections (node:internal/process/task_queues:84:21)
[09:56:31] Error [CodeExpectedError]: Could not find pty on pty host
    at L (/home/ubuntu/.vscode-server/bin/7f329fe6c66b0f86ae1574c2911b681ad5a45d63/out/vs/platform/terminal/node/ptyHostMain.js:28:6849)
    at L.updateTitle (/home/ubuntu/.vscode-server/bin/7f329fe6c66b0f86ae1574c2911b681ad5a45d63/out/vs/platform/terminal/node/ptyHostMain.js:28:2630)
    at Object.call (/home/ubuntu/.vscode-server/bin/7f329fe6c66b0f86ae1574c2911b681ad5a45d63/out/vs/platform/terminal/node/ptyHostMain.js:17:5043)
    at g.s (/home/ubuntu/.vscode-server/bin/7f329fe6c66b0f86ae1574c2911b681ad5a45d63/out/vs/platform/terminal/node/ptyHostMain.js:15:5413)
    at g.q (/home/ubuntu/.vscode-server/bin/7f329fe6c66b0f86ae1574c2911b681ad5a45d63/out/vs/platform/terminal/node/ptyHostMain.js:15:4916)
    at /home/ubuntu/.vscode-server/bin/7f329fe6c66b0f86ae1574c2911b681ad5a45d63/out/vs/platform/terminal/node/ptyHostMain.js:15:4327
    at c.invoke (/home/ubuntu/.vscode-server/bin/7f329fe6c66b0f86ae1574c2911b681ad5a45d63/out/vs/platform/terminal/node/ptyHostMain.js:11:145)
    at f.deliver (/home/ubuntu/.vscode-server/bin/7f329fe6c66b0f86ae1574c2911b681ad5a45d63/out/vs/platform/terminal/node/ptyHostMain.js:11:2125)
    at n.fire (/home/ubuntu/.vscode-server/bin/7f329fe6c66b0f86ae1574c2911b681ad5a45d63/out/vs/platform/terminal/node/ptyHostMain.js:11:1733)
    at process.T (/home/ubuntu/.vscode-server/bin/7f329fe6c66b0f86ae1574c2911b681ad5a45d63/out/vs/platform/terminal/node/ptyHostMain.js:9:21039)
    at process.emit (node:events:526:28)
    at emit (node:internal/child_process:938:14)
    at processTicksAndRejections (node:internal/process/task_queues:84:21)
New EH opened, aborting shutdown
[10:01:27] New EH opened, aborting shutdown
[10:26:59] [127.0.0.1][8ed8bb45][ManagementConnection] The client has reconnected.
[IPC Library: Pty Host]  WARN Shell integration cannot be enabled for executable "/bin/sh" and args [
  '-c',
  'ln -f -s "/tmp/ssh-AfU5YjQnME/agent.3620" "/run/user/1000/vscode-ssh-auth-sock-842442881"\n' +
    'exit 0'
]
rejected promise not handled within 1 second: CodeExpectedError: Could not find pty on pty host
stack trace: CodeExpectedError: Could not find pty on pty host
    at L (/home/ubuntu/.vscode-server/bin/7f329fe6c66b0f86ae1574c2911b681ad5a45d63/out/vs/platform/terminal/node/ptyHostMain.js:28:6849)
    at L.updateIcon (/home/ubuntu/.vscode-server/bin/7f329fe6c66b0f86ae1574c2911b681ad5a45d63/out/vs/platform/terminal/node/ptyHostMain.js:28:2680)
    at Object.call (/home/ubuntu/.vscode-server/bin/7f329fe6c66b0f86ae1574c2911b681ad5a45d63/out/vs/platform/terminal/node/ptyHostMain.js:17:5043)
    at g.s (/home/ubuntu/.vscode-server/bin/7f329fe6c66b0f86ae1574c2911b681ad5a45d63/out/vs/platform/terminal/node/ptyHostMain.js:15:5413)
    at g.q (/home/ubuntu/.vscode-server/bin/7f329fe6c66b0f86ae1574c2911b681ad5a45d63/out/vs/platform/terminal/node/ptyHostMain.js:15:4916)
    at /home/ubuntu/.vscode-server/bin/7f329fe6c66b0f86ae1574c2911b681ad5a45d63/out/vs/platform/terminal/node/ptyHostMain.js:15:4327
    at c.invoke (/home/ubuntu/.vscode-server/bin/7f329fe6c66b0f86ae1574c2911b681ad5a45d63/out/vs/platform/terminal/node/ptyHostMain.js:11:145)
    at f.deliver (/home/ubuntu/.vscode-server/bin/7f329fe6c66b0f86ae1574c2911b681ad5a45d63/out/vs/platform/terminal/node/ptyHostMain.js:11:2125)
    at n.fire (/home/ubuntu/.vscode-server/bin/7f329fe6c66b0f86ae1574c2911b681ad5a45d63/out/vs/platform/terminal/node/ptyHostMain.js:11:1733)
    at process.T (/home/ubuntu/.vscode-server/bin/7f329fe6c66b0f86ae1574c2911b681ad5a45d63/out/vs/platform/terminal/node/ptyHostMain.js:9:21039)
    at process.emit (node:events:526:28)
    at emit (node:internal/child_process:938:14)
    at processTicksAndRejections (node:internal/process/task_queues:84:21)
[10:27:00] Error [CodeExpectedError]: Could not find pty on pty host
    at L (/home/ubuntu/.vscode-server/bin/7f329fe6c66b0f86ae1574c2911b681ad5a45d63/out/vs/platform/terminal/node/ptyHostMain.js:28:6849)
    at L.updateIcon (/home/ubuntu/.vscode-server/bin/7f329fe6c66b0f86ae1574c2911b681ad5a45d63/out/vs/platform/terminal/node/ptyHostMain.js:28:2680)
    at Object.call (/home/ubuntu/.vscode-server/bin/7f329fe6c66b0f86ae1574c2911b681ad5a45d63/out/vs/platform/terminal/node/ptyHostMain.js:17:5043)
    at g.s (/home/ubuntu/.vscode-server/bin/7f329fe6c66b0f86ae1574c2911b681ad5a45d63/out/vs/platform/terminal/node/ptyHostMain.js:15:5413)
    at g.q (/home/ubuntu/.vscode-server/bin/7f329fe6c66b0f86ae1574c2911b681ad5a45d63/out/vs/platform/terminal/node/ptyHostMain.js:15:4916)
    at /home/ubuntu/.vscode-server/bin/7f329fe6c66b0f86ae1574c2911b681ad5a45d63/out/vs/platform/terminal/node/ptyHostMain.js:15:4327
    at c.invoke (/home/ubuntu/.vscode-server/bin/7f329fe6c66b0f86ae1574c2911b681ad5a45d63/out/vs/platform/terminal/node/ptyHostMain.js:11:145)
    at f.deliver (/home/ubuntu/.vscode-server/bin/7f329fe6c66b0f86ae1574c2911b681ad5a45d63/out/vs/platform/terminal/node/ptyHostMain.js:11:2125)
    at n.fire (/home/ubuntu/.vscode-server/bin/7f329fe6c66b0f86ae1574c2911b681ad5a45d63/out/vs/platform/terminal/node/ptyHostMain.js:11:1733)
    at process.T (/home/ubuntu/.vscode-server/bin/7f329fe6c66b0f86ae1574c2911b681ad5a45d63/out/vs/platform/terminal/node/ptyHostMain.js:9:21039)
    at process.emit (node:events:526:28)
    at emit (node:internal/child_process:938:14)
    at processTicksAndRejections (node:internal/process/task_queues:84:21)
rejected promise not handled within 1 second: CodeExpectedError: Could not find pty on pty host
stack trace: CodeExpectedError: Could not find pty on pty host
    at L (/home/ubuntu/.vscode-server/bin/7f329fe6c66b0f86ae1574c2911b681ad5a45d63/out/vs/platform/terminal/node/ptyHostMain.js:28:6849)
    at L.updateTitle (/home/ubuntu/.vscode-server/bin/7f329fe6c66b0f86ae1574c2911b681ad5a45d63/out/vs/platform/terminal/node/ptyHostMain.js:28:2630)
    at Object.call (/home/ubuntu/.vscode-server/bin/7f329fe6c66b0f86ae1574c2911b681ad5a45d63/out/vs/platform/terminal/node/ptyHostMain.js:17:5043)
    at g.s (/home/ubuntu/.vscode-server/bin/7f329fe6c66b0f86ae1574c2911b681ad5a45d63/out/vs/platform/terminal/node/ptyHostMain.js:15:5413)
    at g.q (/home/ubuntu/.vscode-server/bin/7f329fe6c66b0f86ae1574c2911b681ad5a45d63/out/vs/platform/terminal/node/ptyHostMain.js:15:4916)
    at /home/ubuntu/.vscode-server/bin/7f329fe6c66b0f86ae1574c2911b681ad5a45d63/out/vs/platform/terminal/node/ptyHostMain.js:15:4327
    at c.invoke (/home/ubuntu/.vscode-server/bin/7f329fe6c66b0f86ae1574c2911b681ad5a45d63/out/vs/platform/terminal/node/ptyHostMain.js:11:145)
    at f.deliver (/home/ubuntu/.vscode-server/bin/7f329fe6c66b0f86ae1574c2911b681ad5a45d63/out/vs/platform/terminal/node/ptyHostMain.js:11:2125)
    at n.fire (/home/ubuntu/.vscode-server/bin/7f329fe6c66b0f86ae1574c2911b681ad5a45d63/out/vs/platform/terminal/node/ptyHostMain.js:11:1733)
    at process.T (/home/ubuntu/.vscode-server/bin/7f329fe6c66b0f86ae1574c2911b681ad5a45d63/out/vs/platform/terminal/node/ptyHostMain.js:9:21039)
    at process.emit (node:events:526:28)
    at emit (node:internal/child_process:938:14)
    at processTicksAndRejections (node:internal/process/task_queues:84:21)
[10:27:00] Error [CodeExpectedError]: Could not find pty on pty host
    at L (/home/ubuntu/.vscode-server/bin/7f329fe6c66b0f86ae1574c2911b681ad5a45d63/out/vs/platform/terminal/node/ptyHostMain.js:28:6849)
    at L.updateTitle (/home/ubuntu/.vscode-server/bin/7f329fe6c66b0f86ae1574c2911b681ad5a45d63/out/vs/platform/terminal/node/ptyHostMain.js:28:2630)
    at Object.call (/home/ubuntu/.vscode-server/bin/7f329fe6c66b0f86ae1574c2911b681ad5a45d63/out/vs/platform/terminal/node/ptyHostMain.js:17:5043)
    at g.s (/home/ubuntu/.vscode-server/bin/7f329fe6c66b0f86ae1574c2911b681ad5a45d63/out/vs/platform/terminal/node/ptyHostMain.js:15:5413)
    at g.q (/home/ubuntu/.vscode-server/bin/7f329fe6c66b0f86ae1574c2911b681ad5a45d63/out/vs/platform/terminal/node/ptyHostMain.js:15:4916)
    at /home/ubuntu/.vscode-server/bin/7f329fe6c66b0f86ae1574c2911b681ad5a45d63/out/vs/platform/terminal/node/ptyHostMain.js:15:4327
    at c.invoke (/home/ubuntu/.vscode-server/bin/7f329fe6c66b0f86ae1574c2911b681ad5a45d63/out/vs/platform/terminal/node/ptyHostMain.js:11:145)
    at f.deliver (/home/ubuntu/.vscode-server/bin/7f329fe6c66b0f86ae1574c2911b681ad5a45d63/out/vs/platform/terminal/node/ptyHostMain.js:11:2125)
    at n.fire (/home/ubuntu/.vscode-server/bin/7f329fe6c66b0f86ae1574c2911b681ad5a45d63/out/vs/platform/terminal/node/ptyHostMain.js:11:1733)
    at process.T (/home/ubuntu/.vscode-server/bin/7f329fe6c66b0f86ae1574c2911b681ad5a45d63/out/vs/platform/terminal/node/ptyHostMain.js:9:21039)
    at process.emit (node:events:526:28)
    at emit (node:internal/child_process:938:14)
    at processTicksAndRejections (node:internal/process/task_queues:84:21)
rejected promise not handled within 1 second: CodeExpectedError: Could not find pty on pty host
stack trace: CodeExpectedError: Could not find pty on pty host
    at L (/home/ubuntu/.vscode-server/bin/7f329fe6c66b0f86ae1574c2911b681ad5a45d63/out/vs/platform/terminal/node/ptyHostMain.js:28:6849)
    at L.updateTitle (/home/ubuntu/.vscode-server/bin/7f329fe6c66b0f86ae1574c2911b681ad5a45d63/out/vs/platform/terminal/node/ptyHostMain.js:28:2630)
    at Object.call (/home/ubuntu/.vscode-server/bin/7f329fe6c66b0f86ae1574c2911b681ad5a45d63/out/vs/platform/terminal/node/ptyHostMain.js:17:5043)
    at g.s (/home/ubuntu/.vscode-server/bin/7f329fe6c66b0f86ae1574c2911b681ad5a45d63/out/vs/platform/terminal/node/ptyHostMain.js:15:5413)
    at g.q (/home/ubuntu/.vscode-server/bin/7f329fe6c66b0f86ae1574c2911b681ad5a45d63/out/vs/platform/terminal/node/ptyHostMain.js:15:4916)
    at /home/ubuntu/.vscode-server/bin/7f329fe6c66b0f86ae1574c2911b681ad5a45d63/out/vs/platform/terminal/node/ptyHostMain.js:15:4327
    at c.invoke (/home/ubuntu/.vscode-server/bin/7f329fe6c66b0f86ae1574c2911b681ad5a45d63/out/vs/platform/terminal/node/ptyHostMain.js:11:145)
    at f.deliver (/home/ubuntu/.vscode-server/bin/7f329fe6c66b0f86ae1574c2911b681ad5a45d63/out/vs/platform/terminal/node/ptyHostMain.js:11:2125)
    at n.fire (/home/ubuntu/.vscode-server/bin/7f329fe6c66b0f86ae1574c2911b681ad5a45d63/out/vs/platform/terminal/node/ptyHostMain.js:11:1733)
    at process.T (/home/ubuntu/.vscode-server/bin/7f329fe6c66b0f86ae1574c2911b681ad5a45d63/out/vs/platform/terminal/node/ptyHostMain.js:9:21039)
    at process.emit (node:events:526:28)
    at emit (node:internal/child_process:938:14)
    at processTicksAndRejections (node:internal/process/task_queues:84:21)
[10:27:00] Error [CodeExpectedError]: Could not find pty on pty host
    at L (/home/ubuntu/.vscode-server/bin/7f329fe6c66b0f86ae1574c2911b681ad5a45d63/out/vs/platform/terminal/node/ptyHostMain.js:28:6849)
    at L.updateTitle (/home/ubuntu/.vscode-server/bin/7f329fe6c66b0f86ae1574c2911b681ad5a45d63/out/vs/platform/terminal/node/ptyHostMain.js:28:2630)
    at Object.call (/home/ubuntu/.vscode-server/bin/7f329fe6c66b0f86ae1574c2911b681ad5a45d63/out/vs/platform/terminal/node/ptyHostMain.js:17:5043)
    at g.s (/home/ubuntu/.vscode-server/bin/7f329fe6c66b0f86ae1574c2911b681ad5a45d63/out/vs/platform/terminal/node/ptyHostMain.js:15:5413)
    at g.q (/home/ubuntu/.vscode-server/bin/7f329fe6c66b0f86ae1574c2911b681ad5a45d63/out/vs/platform/terminal/node/ptyHostMain.js:15:4916)
    at /home/ubuntu/.vscode-server/bin/7f329fe6c66b0f86ae1574c2911b681ad5a45d63/out/vs/platform/terminal/node/ptyHostMain.js:15:4327
    at c.invoke (/home/ubuntu/.vscode-server/bin/7f329fe6c66b0f86ae1574c2911b681ad5a45d63/out/vs/platform/terminal/node/ptyHostMain.js:11:145)
    at f.deliver (/home/ubuntu/.vscode-server/bin/7f329fe6c66b0f86ae1574c2911b681ad5a45d63/out/vs/platform/terminal/node/ptyHostMain.js:11:2125)
    at n.fire (/home/ubuntu/.vscode-server/bin/7f329fe6c66b0f86ae1574c2911b681ad5a45d63/out/vs/platform/terminal/node/ptyHostMain.js:11:1733)
    at process.T (/home/ubuntu/.vscode-server/bin/7f329fe6c66b0f86ae1574c2911b681ad5a45d63/out/vs/platform/terminal/node/ptyHostMain.js:9:21039)
    at process.emit (node:events:526:28)
    at emit (node:internal/child_process:938:14)
    at processTicksAndRejections (node:internal/process/task_queues:84:21)
[10:27:30] [127.0.0.1][1900a368][ExtensionHostConnection] The client has reconnected.
rejected promise not handled within 1 second: CodeExpectedError: Could not find pty on pty host
stack trace: CodeExpectedError: Could not find pty on pty host
    at L (/home/ubuntu/.vscode-server/bin/7f329fe6c66b0f86ae1574c2911b681ad5a45d63/out/vs/platform/terminal/node/ptyHostMain.js:28:6849)
    at L.updateIcon (/home/ubuntu/.vscode-server/bin/7f329fe6c66b0f86ae1574c2911b681ad5a45d63/out/vs/platform/terminal/node/ptyHostMain.js:28:2680)
    at Object.call (/home/ubuntu/.vscode-server/bin/7f329fe6c66b0f86ae1574c2911b681ad5a45d63/out/vs/platform/terminal/node/ptyHostMain.js:17:5043)
    at g.s (/home/ubuntu/.vscode-server/bin/7f329fe6c66b0f86ae1574c2911b681ad5a45d63/out/vs/platform/terminal/node/ptyHostMain.js:15:5413)
    at g.q (/home/ubuntu/.vscode-server/bin/7f329fe6c66b0f86ae1574c2911b681ad5a45d63/out/vs/platform/terminal/node/ptyHostMain.js:15:4916)
    at /home/ubuntu/.vscode-server/bin/7f329fe6c66b0f86ae1574c2911b681ad5a45d63/out/vs/platform/terminal/node/ptyHostMain.js:15:4327
    at c.invoke (/home/ubuntu/.vscode-server/bin/7f329fe6c66b0f86ae1574c2911b681ad5a45d63/out/vs/platform/terminal/node/ptyHostMain.js:11:145)
    at f.deliver (/home/ubuntu/.vscode-server/bin/7f329fe6c66b0f86ae1574c2911b681ad5a45d63/out/vs/platform/terminal/node/ptyHostMain.js:11:2125)
    at n.fire (/home/ubuntu/.vscode-server/bin/7f329fe6c66b0f86ae1574c2911b681ad5a45d63/out/vs/platform/terminal/node/ptyHostMain.js:11:1733)
    at process.T (/home/ubuntu/.vscode-server/bin/7f329fe6c66b0f86ae1574c2911b681ad5a45d63/out/vs/platform/terminal/node/ptyHostMain.js:9:21039)
    at process.emit (node:events:526:28)
    at emit (node:internal/child_process:938:14)
    at processTicksAndRejections (node:internal/process/task_queues:84:21)
[10:38:50] Error [CodeExpectedError]: Could not find pty on pty host
    at L (/home/ubuntu/.vscode-server/bin/7f329fe6c66b0f86ae1574c2911b681ad5a45d63/out/vs/platform/terminal/node/ptyHostMain.js:28:6849)
    at L.updateIcon (/home/ubuntu/.vscode-server/bin/7f329fe6c66b0f86ae1574c2911b681ad5a45d63/out/vs/platform/terminal/node/ptyHostMain.js:28:2680)
    at Object.call (/home/ubuntu/.vscode-server/bin/7f329fe6c66b0f86ae1574c2911b681ad5a45d63/out/vs/platform/terminal/node/ptyHostMain.js:17:5043)
    at g.s (/home/ubuntu/.vscode-server/bin/7f329fe6c66b0f86ae1574c2911b681ad5a45d63/out/vs/platform/terminal/node/ptyHostMain.js:15:5413)
    at g.q (/home/ubuntu/.vscode-server/bin/7f329fe6c66b0f86ae1574c2911b681ad5a45d63/out/vs/platform/terminal/node/ptyHostMain.js:15:4916)
    at /home/ubuntu/.vscode-server/bin/7f329fe6c66b0f86ae1574c2911b681ad5a45d63/out/vs/platform/terminal/node/ptyHostMain.js:15:4327
    at c.invoke (/home/ubuntu/.vscode-server/bin/7f329fe6c66b0f86ae1574c2911b681ad5a45d63/out/vs/platform/terminal/node/ptyHostMain.js:11:145)
    at f.deliver (/home/ubuntu/.vscode-server/bin/7f329fe6c66b0f86ae1574c2911b681ad5a45d63/out/vs/platform/terminal/node/ptyHostMain.js:11:2125)
    at n.fire (/home/ubuntu/.vscode-server/bin/7f329fe6c66b0f86ae1574c2911b681ad5a45d63/out/vs/platform/terminal/node/ptyHostMain.js:11:1733)
    at process.T (/home/ubuntu/.vscode-server/bin/7f329fe6c66b0f86ae1574c2911b681ad5a45d63/out/vs/platform/terminal/node/ptyHostMain.js:9:21039)
    at process.emit (node:events:526:28)
    at emit (node:internal/child_process:938:14)
    at processTicksAndRejections (node:internal/process/task_queues:84:21)
rejected promise not handled within 1 second: CodeExpectedError: Could not find pty on pty host
stack trace: CodeExpectedError: Could not find pty on pty host
    at L (/home/ubuntu/.vscode-server/bin/7f329fe6c66b0f86ae1574c2911b681ad5a45d63/out/vs/platform/terminal/node/ptyHostMain.js:28:6849)
    at L.updateTitle (/home/ubuntu/.vscode-server/bin/7f329fe6c66b0f86ae1574c2911b681ad5a45d63/out/vs/platform/terminal/node/ptyHostMain.js:28:2630)
    at Object.call (/home/ubuntu/.vscode-server/bin/7f329fe6c66b0f86ae1574c2911b681ad5a45d63/out/vs/platform/terminal/node/ptyHostMain.js:17:5043)
    at g.s (/home/ubuntu/.vscode-server/bin/7f329fe6c66b0f86ae1574c2911b681ad5a45d63/out/vs/platform/terminal/node/ptyHostMain.js:15:5413)
    at g.q (/home/ubuntu/.vscode-server/bin/7f329fe6c66b0f86ae1574c2911b681ad5a45d63/out/vs/platform/terminal/node/ptyHostMain.js:15:4916)
    at /home/ubuntu/.vscode-server/bin/7f329fe6c66b0f86ae1574c2911b681ad5a45d63/out/vs/platform/terminal/node/ptyHostMain.js:15:4327
    at c.invoke (/home/ubuntu/.vscode-server/bin/7f329fe6c66b0f86ae1574c2911b681ad5a45d63/out/vs/platform/terminal/node/ptyHostMain.js:11:145)
    at f.deliver (/home/ubuntu/.vscode-server/bin/7f329fe6c66b0f86ae1574c2911b681ad5a45d63/out/vs/platform/terminal/node/ptyHostMain.js:11:2125)
    at n.fire (/home/ubuntu/.vscode-server/bin/7f329fe6c66b0f86ae1574c2911b681ad5a45d63/out/vs/platform/terminal/node/ptyHostMain.js:11:1733)
    at process.T (/home/ubuntu/.vscode-server/bin/7f329fe6c66b0f86ae1574c2911b681ad5a45d63/out/vs/platform/terminal/node/ptyHostMain.js:9:21039)
    at process.emit (node:events:526:28)
    at emit (node:internal/child_process:938:14)
    at processTicksAndRejections (node:internal/process/task_queues:84:21)
[10:38:50] Error [CodeExpectedError]: Could not find pty on pty host
    at L (/home/ubuntu/.vscode-server/bin/7f329fe6c66b0f86ae1574c2911b681ad5a45d63/out/vs/platform/terminal/node/ptyHostMain.js:28:6849)
    at L.updateTitle (/home/ubuntu/.vscode-server/bin/7f329fe6c66b0f86ae1574c2911b681ad5a45d63/out/vs/platform/terminal/node/ptyHostMain.js:28:2630)
    at Object.call (/home/ubuntu/.vscode-server/bin/7f329fe6c66b0f86ae1574c2911b681ad5a45d63/out/vs/platform/terminal/node/ptyHostMain.js:17:5043)
    at g.s (/home/ubuntu/.vscode-server/bin/7f329fe6c66b0f86ae1574c2911b681ad5a45d63/out/vs/platform/terminal/node/ptyHostMain.js:15:5413)
    at g.q (/home/ubuntu/.vscode-server/bin/7f329fe6c66b0f86ae1574c2911b681ad5a45d63/out/vs/platform/terminal/node/ptyHostMain.js:15:4916)
    at /home/ubuntu/.vscode-server/bin/7f329fe6c66b0f86ae1574c2911b681ad5a45d63/out/vs/platform/terminal/node/ptyHostMain.js:15:4327
    at c.invoke (/home/ubuntu/.vscode-server/bin/7f329fe6c66b0f86ae1574c2911b681ad5a45d63/out/vs/platform/terminal/node/ptyHostMain.js:11:145)
    at f.deliver (/home/ubuntu/.vscode-server/bin/7f329fe6c66b0f86ae1574c2911b681ad5a45d63/out/vs/platform/terminal/node/ptyHostMain.js:11:2125)
    at n.fire (/home/ubuntu/.vscode-server/bin/7f329fe6c66b0f86ae1574c2911b681ad5a45d63/out/vs/platform/terminal/node/ptyHostMain.js:11:1733)
    at process.T (/home/ubuntu/.vscode-server/bin/7f329fe6c66b0f86ae1574c2911b681ad5a45d63/out/vs/platform/terminal/node/ptyHostMain.js:9:21039)
    at process.emit (node:events:526:28)
    at emit (node:internal/child_process:938:14)
    at processTicksAndRejections (node:internal/process/task_queues:84:21)
rejected promise not handled within 1 second: CodeExpectedError: Could not find pty on pty host
stack trace: CodeExpectedError: Could not find pty on pty host
    at L (/home/ubuntu/.vscode-server/bin/7f329fe6c66b0f86ae1574c2911b681ad5a45d63/out/vs/platform/terminal/node/ptyHostMain.js:28:6849)
    at L.updateTitle (/home/ubuntu/.vscode-server/bin/7f329fe6c66b0f86ae1574c2911b681ad5a45d63/out/vs/platform/terminal/node/ptyHostMain.js:28:2630)
    at Object.call (/home/ubuntu/.vscode-server/bin/7f329fe6c66b0f86ae1574c2911b681ad5a45d63/out/vs/platform/terminal/node/ptyHostMain.js:17:5043)
    at g.s (/home/ubuntu/.vscode-server/bin/7f329fe6c66b0f86ae1574c2911b681ad5a45d63/out/vs/platform/terminal/node/ptyHostMain.js:15:5413)
    at g.q (/home/ubuntu/.vscode-server/bin/7f329fe6c66b0f86ae1574c2911b681ad5a45d63/out/vs/platform/terminal/node/ptyHostMain.js:15:4916)
    at /home/ubuntu/.vscode-server/bin/7f329fe6c66b0f86ae1574c2911b681ad5a45d63/out/vs/platform/terminal/node/ptyHostMain.js:15:4327
    at c.invoke (/home/ubuntu/.vscode-server/bin/7f329fe6c66b0f86ae1574c2911b681ad5a45d63/out/vs/platform/terminal/node/ptyHostMain.js:11:145)
    at f.deliver (/home/ubuntu/.vscode-server/bin/7f329fe6c66b0f86ae1574c2911b681ad5a45d63/out/vs/platform/terminal/node/ptyHostMain.js:11:2125)
    at n.fire (/home/ubuntu/.vscode-server/bin/7f329fe6c66b0f86ae1574c2911b681ad5a45d63/out/vs/platform/terminal/node/ptyHostMain.js:11:1733)
    at process.T (/home/ubuntu/.vscode-server/bin/7f329fe6c66b0f86ae1574c2911b681ad5a45d63/out/vs/platform/terminal/node/ptyHostMain.js:9:21039)
    at process.emit (node:events:526:28)
    at emit (node:internal/child_process:938:14)
    at processTicksAndRejections (node:internal/process/task_queues:84:21)
[10:38:51] Error [CodeExpectedError]: Could not find pty on pty host
    at L (/home/ubuntu/.vscode-server/bin/7f329fe6c66b0f86ae1574c2911b681ad5a45d63/out/vs/platform/terminal/node/ptyHostMain.js:28:6849)
    at L.updateTitle (/home/ubuntu/.vscode-server/bin/7f329fe6c66b0f86ae1574c2911b681ad5a45d63/out/vs/platform/terminal/node/ptyHostMain.js:28:2630)
    at Object.call (/home/ubuntu/.vscode-server/bin/7f329fe6c66b0f86ae1574c2911b681ad5a45d63/out/vs/platform/terminal/node/ptyHostMain.js:17:5043)
    at g.s (/home/ubuntu/.vscode-server/bin/7f329fe6c66b0f86ae1574c2911b681ad5a45d63/out/vs/platform/terminal/node/ptyHostMain.js:15:5413)
    at g.q (/home/ubuntu/.vscode-server/bin/7f329fe6c66b0f86ae1574c2911b681ad5a45d63/out/vs/platform/terminal/node/ptyHostMain.js:15:4916)
    at /home/ubuntu/.vscode-server/bin/7f329fe6c66b0f86ae1574c2911b681ad5a45d63/out/vs/platform/terminal/node/ptyHostMain.js:15:4327
    at c.invoke (/home/ubuntu/.vscode-server/bin/7f329fe6c66b0f86ae1574c2911b681ad5a45d63/out/vs/platform/terminal/node/ptyHostMain.js:11:145)
    at f.deliver (/home/ubuntu/.vscode-server/bin/7f329fe6c66b0f86ae1574c2911b681ad5a45d63/out/vs/platform/terminal/node/ptyHostMain.js:11:2125)
    at n.fire (/home/ubuntu/.vscode-server/bin/7f329fe6c66b0f86ae1574c2911b681ad5a45d63/out/vs/platform/terminal/node/ptyHostMain.js:11:1733)
    at process.T (/home/ubuntu/.vscode-server/bin/7f329fe6c66b0f86ae1574c2911b681ad5a45d63/out/vs/platform/terminal/node/ptyHostMain.js:9:21039)
    at process.emit (node:events:526:28)
    at emit (node:internal/child_process:938:14)
    at processTicksAndRejections (node:internal/process/task_queues:84:21)
[10:38:52] [127.0.0.1][1900a368][ExtensionHostConnection] The client has reconnected.
[10:38:52] [127.0.0.1][8ed8bb45][ManagementConnection] The client has reconnected.
rejected promise not handled within 1 second: CodeExpectedError: Could not find pty on pty host
stack trace: CodeExpectedError: Could not find pty on pty host
    at L (/home/ubuntu/.vscode-server/bin/7f329fe6c66b0f86ae1574c2911b681ad5a45d63/out/vs/platform/terminal/node/ptyHostMain.js:28:6849)
    at L.updateTitle (/home/ubuntu/.vscode-server/bin/7f329fe6c66b0f86ae1574c2911b681ad5a45d63/out/vs/platform/terminal/node/ptyHostMain.js:28:2630)
    at Object.call (/home/ubuntu/.vscode-server/bin/7f329fe6c66b0f86ae1574c2911b681ad5a45d63/out/vs/platform/terminal/node/ptyHostMain.js:17:5043)
    at g.s (/home/ubuntu/.vscode-server/bin/7f329fe6c66b0f86ae1574c2911b681ad5a45d63/out/vs/platform/terminal/node/ptyHostMain.js:15:5413)
    at g.q (/home/ubuntu/.vscode-server/bin/7f329fe6c66b0f86ae1574c2911b681ad5a45d63/out/vs/platform/terminal/node/ptyHostMain.js:15:4916)
    at /home/ubuntu/.vscode-server/bin/7f329fe6c66b0f86ae1574c2911b681ad5a45d63/out/vs/platform/terminal/node/ptyHostMain.js:15:4327
    at c.invoke (/home/ubuntu/.vscode-server/bin/7f329fe6c66b0f86ae1574c2911b681ad5a45d63/out/vs/platform/terminal/node/ptyHostMain.js:11:145)
    at f.deliver (/home/ubuntu/.vscode-server/bin/7f329fe6c66b0f86ae1574c2911b681ad5a45d63/out/vs/platform/terminal/node/ptyHostMain.js:11:2125)
    at n.fire (/home/ubuntu/.vscode-server/bin/7f329fe6c66b0f86ae1574c2911b681ad5a45d63/out/vs/platform/terminal/node/ptyHostMain.js:11:1733)
    at process.T (/home/ubuntu/.vscode-server/bin/7f329fe6c66b0f86ae1574c2911b681ad5a45d63/out/vs/platform/terminal/node/ptyHostMain.js:9:21039)
    at process.emit (node:events:526:28)
    at emit (node:internal/child_process:938:14)
    at processTicksAndRejections (node:internal/process/task_queues:84:21)
[10:38:52] Error [CodeExpectedError]: Could not find pty on pty host
    at L (/home/ubuntu/.vscode-server/bin/7f329fe6c66b0f86ae1574c2911b681ad5a45d63/out/vs/platform/terminal/node/ptyHostMain.js:28:6849)
    at L.updateTitle (/home/ubuntu/.vscode-server/bin/7f329fe6c66b0f86ae1574c2911b681ad5a45d63/out/vs/platform/terminal/node/ptyHostMain.js:28:2630)
    at Object.call (/home/ubuntu/.vscode-server/bin/7f329fe6c66b0f86ae1574c2911b681ad5a45d63/out/vs/platform/terminal/node/ptyHostMain.js:17:5043)
    at g.s (/home/ubuntu/.vscode-server/bin/7f329fe6c66b0f86ae1574c2911b681ad5a45d63/out/vs/platform/terminal/node/ptyHostMain.js:15:5413)
    at g.q (/home/ubuntu/.vscode-server/bin/7f329fe6c66b0f86ae1574c2911b681ad5a45d63/out/vs/platform/terminal/node/ptyHostMain.js:15:4916)
    at /home/ubuntu/.vscode-server/bin/7f329fe6c66b0f86ae1574c2911b681ad5a45d63/out/vs/platform/terminal/node/ptyHostMain.js:15:4327
    at c.invoke (/home/ubuntu/.vscode-server/bin/7f329fe6c66b0f86ae1574c2911b681ad5a45d63/out/vs/platform/terminal/node/ptyHostMain.js:11:145)
    at f.deliver (/home/ubuntu/.vscode-server/bin/7f329fe6c66b0f86ae1574c2911b681ad5a45d63/out/vs/platform/terminal/node/ptyHostMain.js:11:2125)
    at n.fire (/home/ubuntu/.vscode-server/bin/7f329fe6c66b0f86ae1574c2911b681ad5a45d63/out/vs/platform/terminal/node/ptyHostMain.js:11:1733)
    at process.T (/home/ubuntu/.vscode-server/bin/7f329fe6c66b0f86ae1574c2911b681ad5a45d63/out/vs/platform/terminal/node/ptyHostMain.js:9:21039)
    at process.emit (node:events:526:28)
    at emit (node:internal/child_process:938:14)
    at processTicksAndRejections (node:internal/process/task_queues:84:21)
[IPC Library: Pty Host]  WARN Shell integration cannot be enabled for executable "/bin/sh" and args [
  '-c',
  'ln -f -s "/tmp/ssh-NVfWIsjcie/agent.4137" "/run/user/1000/vscode-ssh-auth-sock-842442881"\n' +
    'exit 0'
]
[11:16:47] [127.0.0.1][8ed8bb45][ManagementConnection] The client has reconnected.
[IPC Library: Pty Host]  WARN Shell integration cannot be enabled for executable "/bin/sh" and args [
  '-c',
  'ln -f -s "/tmp/ssh-C4bmXm16np/agent.6353" "/run/user/1000/vscode-ssh-auth-sock-842442881"\n' +
    'exit 0'
]
rejected promise not handled within 1 second: CodeExpectedError: Could not find pty on pty host
stack trace: CodeExpectedError: Could not find pty on pty host
    at L (/home/ubuntu/.vscode-server/bin/7f329fe6c66b0f86ae1574c2911b681ad5a45d63/out/vs/platform/terminal/node/ptyHostMain.js:28:6849)
    at L.updateIcon (/home/ubuntu/.vscode-server/bin/7f329fe6c66b0f86ae1574c2911b681ad5a45d63/out/vs/platform/terminal/node/ptyHostMain.js:28:2680)
    at Object.call (/home/ubuntu/.vscode-server/bin/7f329fe6c66b0f86ae1574c2911b681ad5a45d63/out/vs/platform/terminal/node/ptyHostMain.js:17:5043)
    at g.s (/home/ubuntu/.vscode-server/bin/7f329fe6c66b0f86ae1574c2911b681ad5a45d63/out/vs/platform/terminal/node/ptyHostMain.js:15:5413)
    at g.q (/home/ubuntu/.vscode-server/bin/7f329fe6c66b0f86ae1574c2911b681ad5a45d63/out/vs/platform/terminal/node/ptyHostMain.js:15:4916)
    at /home/ubuntu/.vscode-server/bin/7f329fe6c66b0f86ae1574c2911b681ad5a45d63/out/vs/platform/terminal/node/ptyHostMain.js:15:4327
    at c.invoke (/home/ubuntu/.vscode-server/bin/7f329fe6c66b0f86ae1574c2911b681ad5a45d63/out/vs/platform/terminal/node/ptyHostMain.js:11:145)
    at f.deliver (/home/ubuntu/.vscode-server/bin/7f329fe6c66b0f86ae1574c2911b681ad5a45d63/out/vs/platform/terminal/node/ptyHostMain.js:11:2125)
    at n.fire (/home/ubuntu/.vscode-server/bin/7f329fe6c66b0f86ae1574c2911b681ad5a45d63/out/vs/platform/terminal/node/ptyHostMain.js:11:1733)
    at process.T (/home/ubuntu/.vscode-server/bin/7f329fe6c66b0f86ae1574c2911b681ad5a45d63/out/vs/platform/terminal/node/ptyHostMain.js:9:21039)
    at process.emit (node:events:526:28)
    at emit (node:internal/child_process:938:14)
    at processTicksAndRejections (node:internal/process/task_queues:84:21)
[11:16:48] Error [CodeExpectedError]: Could not find pty on pty host
    at L (/home/ubuntu/.vscode-server/bin/7f329fe6c66b0f86ae1574c2911b681ad5a45d63/out/vs/platform/terminal/node/ptyHostMain.js:28:6849)
    at L.updateIcon (/home/ubuntu/.vscode-server/bin/7f329fe6c66b0f86ae1574c2911b681ad5a45d63/out/vs/platform/terminal/node/ptyHostMain.js:28:2680)
    at Object.call (/home/ubuntu/.vscode-server/bin/7f329fe6c66b0f86ae1574c2911b681ad5a45d63/out/vs/platform/terminal/node/ptyHostMain.js:17:5043)
    at g.s (/home/ubuntu/.vscode-server/bin/7f329fe6c66b0f86ae1574c2911b681ad5a45d63/out/vs/platform/terminal/node/ptyHostMain.js:15:5413)
    at g.q (/home/ubuntu/.vscode-server/bin/7f329fe6c66b0f86ae1574c2911b681ad5a45d63/out/vs/platform/terminal/node/ptyHostMain.js:15:4916)
    at /home/ubuntu/.vscode-server/bin/7f329fe6c66b0f86ae1574c2911b681ad5a45d63/out/vs/platform/terminal/node/ptyHostMain.js:15:4327
    at c.invoke (/home/ubuntu/.vscode-server/bin/7f329fe6c66b0f86ae1574c2911b681ad5a45d63/out/vs/platform/terminal/node/ptyHostMain.js:11:145)
    at f.deliver (/home/ubuntu/.vscode-server/bin/7f329fe6c66b0f86ae1574c2911b681ad5a45d63/out/vs/platform/terminal/node/ptyHostMain.js:11:2125)
    at n.fire (/home/ubuntu/.vscode-server/bin/7f329fe6c66b0f86ae1574c2911b681ad5a45d63/out/vs/platform/terminal/node/ptyHostMain.js:11:1733)
    at process.T (/home/ubuntu/.vscode-server/bin/7f329fe6c66b0f86ae1574c2911b681ad5a45d63/out/vs/platform/terminal/node/ptyHostMain.js:9:21039)
    at process.emit (node:events:526:28)
    at emit (node:internal/child_process:938:14)
    at processTicksAndRejections (node:internal/process/task_queues:84:21)
rejected promise not handled within 1 second: CodeExpectedError: Could not find pty on pty host
stack trace: CodeExpectedError: Could not find pty on pty host
    at L (/home/ubuntu/.vscode-server/bin/7f329fe6c66b0f86ae1574c2911b681ad5a45d63/out/vs/platform/terminal/node/ptyHostMain.js:28:6849)
    at L.updateTitle (/home/ubuntu/.vscode-server/bin/7f329fe6c66b0f86ae1574c2911b681ad5a45d63/out/vs/platform/terminal/node/ptyHostMain.js:28:2630)
    at Object.call (/home/ubuntu/.vscode-server/bin/7f329fe6c66b0f86ae1574c2911b681ad5a45d63/out/vs/platform/terminal/node/ptyHostMain.js:17:5043)
    at g.s (/home/ubuntu/.vscode-server/bin/7f329fe6c66b0f86ae1574c2911b681ad5a45d63/out/vs/platform/terminal/node/ptyHostMain.js:15:5413)
    at g.q (/home/ubuntu/.vscode-server/bin/7f329fe6c66b0f86ae1574c2911b681ad5a45d63/out/vs/platform/terminal/node/ptyHostMain.js:15:4916)
    at /home/ubuntu/.vscode-server/bin/7f329fe6c66b0f86ae1574c2911b681ad5a45d63/out/vs/platform/terminal/node/ptyHostMain.js:15:4327
    at c.invoke (/home/ubuntu/.vscode-server/bin/7f329fe6c66b0f86ae1574c2911b681ad5a45d63/out/vs/platform/terminal/node/ptyHostMain.js:11:145)
    at f.deliver (/home/ubuntu/.vscode-server/bin/7f329fe6c66b0f86ae1574c2911b681ad5a45d63/out/vs/platform/terminal/node/ptyHostMain.js:11:2125)
    at n.fire (/home/ubuntu/.vscode-server/bin/7f329fe6c66b0f86ae1574c2911b681ad5a45d63/out/vs/platform/terminal/node/ptyHostMain.js:11:1733)
    at process.T (/home/ubuntu/.vscode-server/bin/7f329fe6c66b0f86ae1574c2911b681ad5a45d63/out/vs/platform/terminal/node/ptyHostMain.js:9:21039)
    at process.emit (node:events:526:28)
    at emit (node:internal/child_process:938:14)
    at processTicksAndRejections (node:internal/process/task_queues:84:21)
[11:16:48] Error [CodeExpectedError]: Could not find pty on pty host
    at L (/home/ubuntu/.vscode-server/bin/7f329fe6c66b0f86ae1574c2911b681ad5a45d63/out/vs/platform/terminal/node/ptyHostMain.js:28:6849)
    at L.updateTitle (/home/ubuntu/.vscode-server/bin/7f329fe6c66b0f86ae1574c2911b681ad5a45d63/out/vs/platform/terminal/node/ptyHostMain.js:28:2630)
    at Object.call (/home/ubuntu/.vscode-server/bin/7f329fe6c66b0f86ae1574c2911b681ad5a45d63/out/vs/platform/terminal/node/ptyHostMain.js:17:5043)
    at g.s (/home/ubuntu/.vscode-server/bin/7f329fe6c66b0f86ae1574c2911b681ad5a45d63/out/vs/platform/terminal/node/ptyHostMain.js:15:5413)
    at g.q (/home/ubuntu/.vscode-server/bin/7f329fe6c66b0f86ae1574c2911b681ad5a45d63/out/vs/platform/terminal/node/ptyHostMain.js:15:4916)
    at /home/ubuntu/.vscode-server/bin/7f329fe6c66b0f86ae1574c2911b681ad5a45d63/out/vs/platform/terminal/node/ptyHostMain.js:15:4327
    at c.invoke (/home/ubuntu/.vscode-server/bin/7f329fe6c66b0f86ae1574c2911b681ad5a45d63/out/vs/platform/terminal/node/ptyHostMain.js:11:145)
    at f.deliver (/home/ubuntu/.vscode-server/bin/7f329fe6c66b0f86ae1574c2911b681ad5a45d63/out/vs/platform/terminal/node/ptyHostMain.js:11:2125)
    at n.fire (/home/ubuntu/.vscode-server/bin/7f329fe6c66b0f86ae1574c2911b681ad5a45d63/out/vs/platform/terminal/node/ptyHostMain.js:11:1733)
    at process.T (/home/ubuntu/.vscode-server/bin/7f329fe6c66b0f86ae1574c2911b681ad5a45d63/out/vs/platform/terminal/node/ptyHostMain.js:9:21039)
    at process.emit (node:events:526:28)
    at emit (node:internal/child_process:938:14)
    at processTicksAndRejections (node:internal/process/task_queues:84:21)
rejected promise not handled within 1 second: CodeExpectedError: Could not find pty on pty host
stack trace: CodeExpectedError: Could not find pty on pty host
    at L (/home/ubuntu/.vscode-server/bin/7f329fe6c66b0f86ae1574c2911b681ad5a45d63/out/vs/platform/terminal/node/ptyHostMain.js:28:6849)
    at L.updateTitle (/home/ubuntu/.vscode-server/bin/7f329fe6c66b0f86ae1574c2911b681ad5a45d63/out/vs/platform/terminal/node/ptyHostMain.js:28:2630)
    at Object.call (/home/ubuntu/.vscode-server/bin/7f329fe6c66b0f86ae1574c2911b681ad5a45d63/out/vs/platform/terminal/node/ptyHostMain.js:17:5043)
    at g.s (/home/ubuntu/.vscode-server/bin/7f329fe6c66b0f86ae1574c2911b681ad5a45d63/out/vs/platform/terminal/node/ptyHostMain.js:15:5413)
    at g.q (/home/ubuntu/.vscode-server/bin/7f329fe6c66b0f86ae1574c2911b681ad5a45d63/out/vs/platform/terminal/node/ptyHostMain.js:15:4916)
    at /home/ubuntu/.vscode-server/bin/7f329fe6c66b0f86ae1574c2911b681ad5a45d63/out/vs/platform/terminal/node/ptyHostMain.js:15:4327
    at c.invoke (/home/ubuntu/.vscode-server/bin/7f329fe6c66b0f86ae1574c2911b681ad5a45d63/out/vs/platform/terminal/node/ptyHostMain.js:11:145)
    at f.deliver (/home/ubuntu/.vscode-server/bin/7f329fe6c66b0f86ae1574c2911b681ad5a45d63/out/vs/platform/terminal/node/ptyHostMain.js:11:2125)
    at n.fire (/home/ubuntu/.vscode-server/bin/7f329fe6c66b0f86ae1574c2911b681ad5a45d63/out/vs/platform/terminal/node/ptyHostMain.js:11:1733)
    at process.T (/home/ubuntu/.vscode-server/bin/7f329fe6c66b0f86ae1574c2911b681ad5a45d63/out/vs/platform/terminal/node/ptyHostMain.js:9:21039)
    at process.emit (node:events:526:28)
    at emit (node:internal/child_process:938:14)
    at processTicksAndRejections (node:internal/process/task_queues:84:21)
[11:16:48] Error [CodeExpectedError]: Could not find pty on pty host
    at L (/home/ubuntu/.vscode-server/bin/7f329fe6c66b0f86ae1574c2911b681ad5a45d63/out/vs/platform/terminal/node/ptyHostMain.js:28:6849)
    at L.updateTitle (/home/ubuntu/.vscode-server/bin/7f329fe6c66b0f86ae1574c2911b681ad5a45d63/out/vs/platform/terminal/node/ptyHostMain.js:28:2630)
    at Object.call (/home/ubuntu/.vscode-server/bin/7f329fe6c66b0f86ae1574c2911b681ad5a45d63/out/vs/platform/terminal/node/ptyHostMain.js:17:5043)
    at g.s (/home/ubuntu/.vscode-server/bin/7f329fe6c66b0f86ae1574c2911b681ad5a45d63/out/vs/platform/terminal/node/ptyHostMain.js:15:5413)
    at g.q (/home/ubuntu/.vscode-server/bin/7f329fe6c66b0f86ae1574c2911b681ad5a45d63/out/vs/platform/terminal/node/ptyHostMain.js:15:4916)
    at /home/ubuntu/.vscode-server/bin/7f329fe6c66b0f86ae1574c2911b681ad5a45d63/out/vs/platform/terminal/node/ptyHostMain.js:15:4327
    at c.invoke (/home/ubuntu/.vscode-server/bin/7f329fe6c66b0f86ae1574c2911b681ad5a45d63/out/vs/platform/terminal/node/ptyHostMain.js:11:145)
    at f.deliver (/home/ubuntu/.vscode-server/bin/7f329fe6c66b0f86ae1574c2911b681ad5a45d63/out/vs/platform/terminal/node/ptyHostMain.js:11:2125)
    at n.fire (/home/ubuntu/.vscode-server/bin/7f329fe6c66b0f86ae1574c2911b681ad5a45d63/out/vs/platform/terminal/node/ptyHostMain.js:11:1733)
    at process.T (/home/ubuntu/.vscode-server/bin/7f329fe6c66b0f86ae1574c2911b681ad5a45d63/out/vs/platform/terminal/node/ptyHostMain.js:9:21039)
    at process.emit (node:events:526:28)
    at emit (node:internal/child_process:938:14)
    at processTicksAndRejections (node:internal/process/task_queues:84:21)
[11:16:50] [127.0.0.1][1900a368][ExtensionHostConnection] The client has reconnected.
[11:27:49] [127.0.0.1][8ed8bb45][ManagementConnection] The client has reconnected.
[IPC Library: Pty Host]  WARN Shell integration cannot be enabled for executable "/bin/sh" and args [
  '-c',
  'ln -f -s "/tmp/ssh-5HsftBL4cq/agent.6705" "/run/user/1000/vscode-ssh-auth-sock-842442881"\n' +
    'exit 0'
]
rejected promise not handled within 1 second: CodeExpectedError: Could not find pty on pty host
stack trace: CodeExpectedError: Could not find pty on pty host
    at L (/home/ubuntu/.vscode-server/bin/7f329fe6c66b0f86ae1574c2911b681ad5a45d63/out/vs/platform/terminal/node/ptyHostMain.js:28:6849)
    at L.updateIcon (/home/ubuntu/.vscode-server/bin/7f329fe6c66b0f86ae1574c2911b681ad5a45d63/out/vs/platform/terminal/node/ptyHostMain.js:28:2680)
    at Object.call (/home/ubuntu/.vscode-server/bin/7f329fe6c66b0f86ae1574c2911b681ad5a45d63/out/vs/platform/terminal/node/ptyHostMain.js:17:5043)
    at g.s (/home/ubuntu/.vscode-server/bin/7f329fe6c66b0f86ae1574c2911b681ad5a45d63/out/vs/platform/terminal/node/ptyHostMain.js:15:5413)
    at g.q (/home/ubuntu/.vscode-server/bin/7f329fe6c66b0f86ae1574c2911b681ad5a45d63/out/vs/platform/terminal/node/ptyHostMain.js:15:4916)
    at /home/ubuntu/.vscode-server/bin/7f329fe6c66b0f86ae1574c2911b681ad5a45d63/out/vs/platform/terminal/node/ptyHostMain.js:15:4327
    at c.invoke (/home/ubuntu/.vscode-server/bin/7f329fe6c66b0f86ae1574c2911b681ad5a45d63/out/vs/platform/terminal/node/ptyHostMain.js:11:145)
    at f.deliver (/home/ubuntu/.vscode-server/bin/7f329fe6c66b0f86ae1574c2911b681ad5a45d63/out/vs/platform/terminal/node/ptyHostMain.js:11:2125)
    at n.fire (/home/ubuntu/.vscode-server/bin/7f329fe6c66b0f86ae1574c2911b681ad5a45d63/out/vs/platform/terminal/node/ptyHostMain.js:11:1733)
    at process.T (/home/ubuntu/.vscode-server/bin/7f329fe6c66b0f86ae1574c2911b681ad5a45d63/out/vs/platform/terminal/node/ptyHostMain.js:9:21039)
    at process.emit (node:events:526:28)
    at emit (node:internal/child_process:938:14)
    at processTicksAndRejections (node:internal/process/task_queues:84:21)
[11:27:50] Error [CodeExpectedError]: Could not find pty on pty host
    at L (/home/ubuntu/.vscode-server/bin/7f329fe6c66b0f86ae1574c2911b681ad5a45d63/out/vs/platform/terminal/node/ptyHostMain.js:28:6849)
    at L.updateIcon (/home/ubuntu/.vscode-server/bin/7f329fe6c66b0f86ae1574c2911b681ad5a45d63/out/vs/platform/terminal/node/ptyHostMain.js:28:2680)
    at Object.call (/home/ubuntu/.vscode-server/bin/7f329fe6c66b0f86ae1574c2911b681ad5a45d63/out/vs/platform/terminal/node/ptyHostMain.js:17:5043)
    at g.s (/home/ubuntu/.vscode-server/bin/7f329fe6c66b0f86ae1574c2911b681ad5a45d63/out/vs/platform/terminal/node/ptyHostMain.js:15:5413)
    at g.q (/home/ubuntu/.vscode-server/bin/7f329fe6c66b0f86ae1574c2911b681ad5a45d63/out/vs/platform/terminal/node/ptyHostMain.js:15:4916)
    at /home/ubuntu/.vscode-server/bin/7f329fe6c66b0f86ae1574c2911b681ad5a45d63/out/vs/platform/terminal/node/ptyHostMain.js:15:4327
    at c.invoke (/home/ubuntu/.vscode-server/bin/7f329fe6c66b0f86ae1574c2911b681ad5a45d63/out/vs/platform/terminal/node/ptyHostMain.js:11:145)
    at f.deliver (/home/ubuntu/.vscode-server/bin/7f329fe6c66b0f86ae1574c2911b681ad5a45d63/out/vs/platform/terminal/node/ptyHostMain.js:11:2125)
    at n.fire (/home/ubuntu/.vscode-server/bin/7f329fe6c66b0f86ae1574c2911b681ad5a45d63/out/vs/platform/terminal/node/ptyHostMain.js:11:1733)
    at process.T (/home/ubuntu/.vscode-server/bin/7f329fe6c66b0f86ae1574c2911b681ad5a45d63/out/vs/platform/terminal/node/ptyHostMain.js:9:21039)
    at process.emit (node:events:526:28)
    at emit (node:internal/child_process:938:14)
    at processTicksAndRejections (node:internal/process/task_queues:84:21)
rejected promise not handled within 1 second: CodeExpectedError: Could not find pty on pty host
stack trace: CodeExpectedError: Could not find pty on pty host
    at L (/home/ubuntu/.vscode-server/bin/7f329fe6c66b0f86ae1574c2911b681ad5a45d63/out/vs/platform/terminal/node/ptyHostMain.js:28:6849)
    at L.updateTitle (/home/ubuntu/.vscode-server/bin/7f329fe6c66b0f86ae1574c2911b681ad5a45d63/out/vs/platform/terminal/node/ptyHostMain.js:28:2630)
    at Object.call (/home/ubuntu/.vscode-server/bin/7f329fe6c66b0f86ae1574c2911b681ad5a45d63/out/vs/platform/terminal/node/ptyHostMain.js:17:5043)
    at g.s (/home/ubuntu/.vscode-server/bin/7f329fe6c66b0f86ae1574c2911b681ad5a45d63/out/vs/platform/terminal/node/ptyHostMain.js:15:5413)
    at g.q (/home/ubuntu/.vscode-server/bin/7f329fe6c66b0f86ae1574c2911b681ad5a45d63/out/vs/platform/terminal/node/ptyHostMain.js:15:4916)
    at /home/ubuntu/.vscode-server/bin/7f329fe6c66b0f86ae1574c2911b681ad5a45d63/out/vs/platform/terminal/node/ptyHostMain.js:15:4327
    at c.invoke (/home/ubuntu/.vscode-server/bin/7f329fe6c66b0f86ae1574c2911b681ad5a45d63/out/vs/platform/terminal/node/ptyHostMain.js:11:145)
    at f.deliver (/home/ubuntu/.vscode-server/bin/7f329fe6c66b0f86ae1574c2911b681ad5a45d63/out/vs/platform/terminal/node/ptyHostMain.js:11:2125)
    at n.fire (/home/ubuntu/.vscode-server/bin/7f329fe6c66b0f86ae1574c2911b681ad5a45d63/out/vs/platform/terminal/node/ptyHostMain.js:11:1733)
    at process.T (/home/ubuntu/.vscode-server/bin/7f329fe6c66b0f86ae1574c2911b681ad5a45d63/out/vs/platform/terminal/node/ptyHostMain.js:9:21039)
    at process.emit (node:events:526:28)
    at emit (node:internal/child_process:938:14)
    at processTicksAndRejections (node:internal/process/task_queues:84:21)
[11:27:50] Error [CodeExpectedError]: Could not find pty on pty host
    at L (/home/ubuntu/.vscode-server/bin/7f329fe6c66b0f86ae1574c2911b681ad5a45d63/out/vs/platform/terminal/node/ptyHostMain.js:28:6849)
    at L.updateTitle (/home/ubuntu/.vscode-server/bin/7f329fe6c66b0f86ae1574c2911b681ad5a45d63/out/vs/platform/terminal/node/ptyHostMain.js:28:2630)
    at Object.call (/home/ubuntu/.vscode-server/bin/7f329fe6c66b0f86ae1574c2911b681ad5a45d63/out/vs/platform/terminal/node/ptyHostMain.js:17:5043)
    at g.s (/home/ubuntu/.vscode-server/bin/7f329fe6c66b0f86ae1574c2911b681ad5a45d63/out/vs/platform/terminal/node/ptyHostMain.js:15:5413)
    at g.q (/home/ubuntu/.vscode-server/bin/7f329fe6c66b0f86ae1574c2911b681ad5a45d63/out/vs/platform/terminal/node/ptyHostMain.js:15:4916)
    at /home/ubuntu/.vscode-server/bin/7f329fe6c66b0f86ae1574c2911b681ad5a45d63/out/vs/platform/terminal/node/ptyHostMain.js:15:4327
    at c.invoke (/home/ubuntu/.vscode-server/bin/7f329fe6c66b0f86ae1574c2911b681ad5a45d63/out/vs/platform/terminal/node/ptyHostMain.js:11:145)
    at f.deliver (/home/ubuntu/.vscode-server/bin/7f329fe6c66b0f86ae1574c2911b681ad5a45d63/out/vs/platform/terminal/node/ptyHostMain.js:11:2125)
    at n.fire (/home/ubuntu/.vscode-server/bin/7f329fe6c66b0f86ae1574c2911b681ad5a45d63/out/vs/platform/terminal/node/ptyHostMain.js:11:1733)
    at process.T (/home/ubuntu/.vscode-server/bin/7f329fe6c66b0f86ae1574c2911b681ad5a45d63/out/vs/platform/terminal/node/ptyHostMain.js:9:21039)
    at process.emit (node:events:526:28)
    at emit (node:internal/child_process:938:14)
    at processTicksAndRejections (node:internal/process/task_queues:84:21)
rejected promise not handled within 1 second: CodeExpectedError: Could not find pty on pty host
stack trace: CodeExpectedError: Could not find pty on pty host
    at L (/home/ubuntu/.vscode-server/bin/7f329fe6c66b0f86ae1574c2911b681ad5a45d63/out/vs/platform/terminal/node/ptyHostMain.js:28:6849)
    at L.updateTitle (/home/ubuntu/.vscode-server/bin/7f329fe6c66b0f86ae1574c2911b681ad5a45d63/out/vs/platform/terminal/node/ptyHostMain.js:28:2630)
    at Object.call (/home/ubuntu/.vscode-server/bin/7f329fe6c66b0f86ae1574c2911b681ad5a45d63/out/vs/platform/terminal/node/ptyHostMain.js:17:5043)
    at g.s (/home/ubuntu/.vscode-server/bin/7f329fe6c66b0f86ae1574c2911b681ad5a45d63/out/vs/platform/terminal/node/ptyHostMain.js:15:5413)
    at g.q (/home/ubuntu/.vscode-server/bin/7f329fe6c66b0f86ae1574c2911b681ad5a45d63/out/vs/platform/terminal/node/ptyHostMain.js:15:4916)
    at /home/ubuntu/.vscode-server/bin/7f329fe6c66b0f86ae1574c2911b681ad5a45d63/out/vs/platform/terminal/node/ptyHostMain.js:15:4327
    at c.invoke (/home/ubuntu/.vscode-server/bin/7f329fe6c66b0f86ae1574c2911b681ad5a45d63/out/vs/platform/terminal/node/ptyHostMain.js:11:145)
    at f.deliver (/home/ubuntu/.vscode-server/bin/7f329fe6c66b0f86ae1574c2911b681ad5a45d63/out/vs/platform/terminal/node/ptyHostMain.js:11:2125)
    at n.fire (/home/ubuntu/.vscode-server/bin/7f329fe6c66b0f86ae1574c2911b681ad5a45d63/out/vs/platform/terminal/node/ptyHostMain.js:11:1733)
    at process.T (/home/ubuntu/.vscode-server/bin/7f329fe6c66b0f86ae1574c2911b681ad5a45d63/out/vs/platform/terminal/node/ptyHostMain.js:9:21039)
    at process.emit (node:events:526:28)
    at emit (node:internal/child_process:938:14)
    at processTicksAndRejections (node:internal/process/task_queues:84:21)
[11:27:50] Error [CodeExpectedError]: Could not find pty on pty host
    at L (/home/ubuntu/.vscode-server/bin/7f329fe6c66b0f86ae1574c2911b681ad5a45d63/out/vs/platform/terminal/node/ptyHostMain.js:28:6849)
    at L.updateTitle (/home/ubuntu/.vscode-server/bin/7f329fe6c66b0f86ae1574c2911b681ad5a45d63/out/vs/platform/terminal/node/ptyHostMain.js:28:2630)
    at Object.call (/home/ubuntu/.vscode-server/bin/7f329fe6c66b0f86ae1574c2911b681ad5a45d63/out/vs/platform/terminal/node/ptyHostMain.js:17:5043)
    at g.s (/home/ubuntu/.vscode-server/bin/7f329fe6c66b0f86ae1574c2911b681ad5a45d63/out/vs/platform/terminal/node/ptyHostMain.js:15:5413)
    at g.q (/home/ubuntu/.vscode-server/bin/7f329fe6c66b0f86ae1574c2911b681ad5a45d63/out/vs/platform/terminal/node/ptyHostMain.js:15:4916)
    at /home/ubuntu/.vscode-server/bin/7f329fe6c66b0f86ae1574c2911b681ad5a45d63/out/vs/platform/terminal/node/ptyHostMain.js:15:4327
    at c.invoke (/home/ubuntu/.vscode-server/bin/7f329fe6c66b0f86ae1574c2911b681ad5a45d63/out/vs/platform/terminal/node/ptyHostMain.js:11:145)
    at f.deliver (/home/ubuntu/.vscode-server/bin/7f329fe6c66b0f86ae1574c2911b681ad5a45d63/out/vs/platform/terminal/node/ptyHostMain.js:11:2125)
    at n.fire (/home/ubuntu/.vscode-server/bin/7f329fe6c66b0f86ae1574c2911b681ad5a45d63/out/vs/platform/terminal/node/ptyHostMain.js:11:1733)
    at process.T (/home/ubuntu/.vscode-server/bin/7f329fe6c66b0f86ae1574c2911b681ad5a45d63/out/vs/platform/terminal/node/ptyHostMain.js:9:21039)
    at process.emit (node:events:526:28)
    at emit (node:internal/child_process:938:14)
    at processTicksAndRejections (node:internal/process/task_queues:84:21)
rejected promise not handled within 1 second: CodeExpectedError: Could not find pty on pty host
stack trace: CodeExpectedError: Could not find pty on pty host
    at L (/home/ubuntu/.vscode-server/bin/7f329fe6c66b0f86ae1574c2911b681ad5a45d63/out/vs/platform/terminal/node/ptyHostMain.js:28:6849)
    at L.updateTitle (/home/ubuntu/.vscode-server/bin/7f329fe6c66b0f86ae1574c2911b681ad5a45d63/out/vs/platform/terminal/node/ptyHostMain.js:28:2630)
    at Object.call (/home/ubuntu/.vscode-server/bin/7f329fe6c66b0f86ae1574c2911b681ad5a45d63/out/vs/platform/terminal/node/ptyHostMain.js:17:5043)
    at g.s (/home/ubuntu/.vscode-server/bin/7f329fe6c66b0f86ae1574c2911b681ad5a45d63/out/vs/platform/terminal/node/ptyHostMain.js:15:5413)
    at g.q (/home/ubuntu/.vscode-server/bin/7f329fe6c66b0f86ae1574c2911b681ad5a45d63/out/vs/platform/terminal/node/ptyHostMain.js:15:4916)
    at /home/ubuntu/.vscode-server/bin/7f329fe6c66b0f86ae1574c2911b681ad5a45d63/out/vs/platform/terminal/node/ptyHostMain.js:15:4327
    at c.invoke (/home/ubuntu/.vscode-server/bin/7f329fe6c66b0f86ae1574c2911b681ad5a45d63/out/vs/platform/terminal/node/ptyHostMain.js:11:145)
    at f.deliver (/home/ubuntu/.vscode-server/bin/7f329fe6c66b0f86ae1574c2911b681ad5a45d63/out/vs/platform/terminal/node/ptyHostMain.js:11:2125)
    at n.fire (/home/ubuntu/.vscode-server/bin/7f329fe6c66b0f86ae1574c2911b681ad5a45d63/out/vs/platform/terminal/node/ptyHostMain.js:11:1733)
    at process.T (/home/ubuntu/.vscode-server/bin/7f329fe6c66b0f86ae1574c2911b681ad5a45d63/out/vs/platform/terminal/node/ptyHostMain.js:9:21039)
    at process.emit (node:events:526:28)
    at emit (node:internal/child_process:938:14)
    at processTicksAndRejections (node:internal/process/task_queues:84:21)
[11:27:50] Error [CodeExpectedError]: Could not find pty on pty host
    at L (/home/ubuntu/.vscode-server/bin/7f329fe6c66b0f86ae1574c2911b681ad5a45d63/out/vs/platform/terminal/node/ptyHostMain.js:28:6849)
    at L.updateTitle (/home/ubuntu/.vscode-server/bin/7f329fe6c66b0f86ae1574c2911b681ad5a45d63/out/vs/platform/terminal/node/ptyHostMain.js:28:2630)
    at Object.call (/home/ubuntu/.vscode-server/bin/7f329fe6c66b0f86ae1574c2911b681ad5a45d63/out/vs/platform/terminal/node/ptyHostMain.js:17:5043)
    at g.s (/home/ubuntu/.vscode-server/bin/7f329fe6c66b0f86ae1574c2911b681ad5a45d63/out/vs/platform/terminal/node/ptyHostMain.js:15:5413)
    at g.q (/home/ubuntu/.vscode-server/bin/7f329fe6c66b0f86ae1574c2911b681ad5a45d63/out/vs/platform/terminal/node/ptyHostMain.js:15:4916)
    at /home/ubuntu/.vscode-server/bin/7f329fe6c66b0f86ae1574c2911b681ad5a45d63/out/vs/platform/terminal/node/ptyHostMain.js:15:4327
    at c.invoke (/home/ubuntu/.vscode-server/bin/7f329fe6c66b0f86ae1574c2911b681ad5a45d63/out/vs/platform/terminal/node/ptyHostMain.js:11:145)
    at f.deliver (/home/ubuntu/.vscode-server/bin/7f329fe6c66b0f86ae1574c2911b681ad5a45d63/out/vs/platform/terminal/node/ptyHostMain.js:11:2125)
    at n.fire (/home/ubuntu/.vscode-server/bin/7f329fe6c66b0f86ae1574c2911b681ad5a45d63/out/vs/platform/terminal/node/ptyHostMain.js:11:1733)
    at process.T (/home/ubuntu/.vscode-server/bin/7f329fe6c66b0f86ae1574c2911b681ad5a45d63/out/vs/platform/terminal/node/ptyHostMain.js:9:21039)
    at process.emit (node:events:526:28)
    at emit (node:internal/child_process:938:14)
    at processTicksAndRejections (node:internal/process/task_queues:84:21)
rejected promise not handled within 1 second: CodeExpectedError: Could not find pty on pty host
stack trace: CodeExpectedError: Could not find pty on pty host
    at L (/home/ubuntu/.vscode-server/bin/7f329fe6c66b0f86ae1574c2911b681ad5a45d63/out/vs/platform/terminal/node/ptyHostMain.js:28:6849)
    at L.updateIcon (/home/ubuntu/.vscode-server/bin/7f329fe6c66b0f86ae1574c2911b681ad5a45d63/out/vs/platform/terminal/node/ptyHostMain.js:28:2680)
    at Object.call (/home/ubuntu/.vscode-server/bin/7f329fe6c66b0f86ae1574c2911b681ad5a45d63/out/vs/platform/terminal/node/ptyHostMain.js:17:5043)
    at g.s (/home/ubuntu/.vscode-server/bin/7f329fe6c66b0f86ae1574c2911b681ad5a45d63/out/vs/platform/terminal/node/ptyHostMain.js:15:5413)
    at g.q (/home/ubuntu/.vscode-server/bin/7f329fe6c66b0f86ae1574c2911b681ad5a45d63/out/vs/platform/terminal/node/ptyHostMain.js:15:4916)
    at /home/ubuntu/.vscode-server/bin/7f329fe6c66b0f86ae1574c2911b681ad5a45d63/out/vs/platform/terminal/node/ptyHostMain.js:15:4327
    at c.invoke (/home/ubuntu/.vscode-server/bin/7f329fe6c66b0f86ae1574c2911b681ad5a45d63/out/vs/platform/terminal/node/ptyHostMain.js:11:145)
    at f.deliver (/home/ubuntu/.vscode-server/bin/7f329fe6c66b0f86ae1574c2911b681ad5a45d63/out/vs/platform/terminal/node/ptyHostMain.js:11:2125)
    at n.fire (/home/ubuntu/.vscode-server/bin/7f329fe6c66b0f86ae1574c2911b681ad5a45d63/out/vs/platform/terminal/node/ptyHostMain.js:11:1733)
    at process.T (/home/ubuntu/.vscode-server/bin/7f329fe6c66b0f86ae1574c2911b681ad5a45d63/out/vs/platform/terminal/node/ptyHostMain.js:9:21039)
    at process.emit (node:events:526:28)
    at emit (node:internal/child_process:938:14)
    at processTicksAndRejections (node:internal/process/task_queues:84:21)
[11:27:50] Error [CodeExpectedError]: Could not find pty on pty host
    at L (/home/ubuntu/.vscode-server/bin/7f329fe6c66b0f86ae1574c2911b681ad5a45d63/out/vs/platform/terminal/node/ptyHostMain.js:28:6849)
    at L.updateIcon (/home/ubuntu/.vscode-server/bin/7f329fe6c66b0f86ae1574c2911b681ad5a45d63/out/vs/platform/terminal/node/ptyHostMain.js:28:2680)
    at Object.call (/home/ubuntu/.vscode-server/bin/7f329fe6c66b0f86ae1574c2911b681ad5a45d63/out/vs/platform/terminal/node/ptyHostMain.js:17:5043)
    at g.s (/home/ubuntu/.vscode-server/bin/7f329fe6c66b0f86ae1574c2911b681ad5a45d63/out/vs/platform/terminal/node/ptyHostMain.js:15:5413)
    at g.q (/home/ubuntu/.vscode-server/bin/7f329fe6c66b0f86ae1574c2911b681ad5a45d63/out/vs/platform/terminal/node/ptyHostMain.js:15:4916)
    at /home/ubuntu/.vscode-server/bin/7f329fe6c66b0f86ae1574c2911b681ad5a45d63/out/vs/platform/terminal/node/ptyHostMain.js:15:4327
    at c.invoke (/home/ubuntu/.vscode-server/bin/7f329fe6c66b0f86ae1574c2911b681ad5a45d63/out/vs/platform/terminal/node/ptyHostMain.js:11:145)
    at f.deliver (/home/ubuntu/.vscode-server/bin/7f329fe6c66b0f86ae1574c2911b681ad5a45d63/out/vs/platform/terminal/node/ptyHostMain.js:11:2125)
    at n.fire (/home/ubuntu/.vscode-server/bin/7f329fe6c66b0f86ae1574c2911b681ad5a45d63/out/vs/platform/terminal/node/ptyHostMain.js:11:1733)
    at process.T (/home/ubuntu/.vscode-server/bin/7f329fe6c66b0f86ae1574c2911b681ad5a45d63/out/vs/platform/terminal/node/ptyHostMain.js:9:21039)
    at process.emit (node:events:526:28)
    at emit (node:internal/child_process:938:14)
    at processTicksAndRejections (node:internal/process/task_queues:84:21)
rejected promise not handled within 1 second: CodeExpectedError: Could not find pty on pty host
stack trace: CodeExpectedError: Could not find pty on pty host
    at L (/home/ubuntu/.vscode-server/bin/7f329fe6c66b0f86ae1574c2911b681ad5a45d63/out/vs/platform/terminal/node/ptyHostMain.js:28:6849)
    at L.updateTitle (/home/ubuntu/.vscode-server/bin/7f329fe6c66b0f86ae1574c2911b681ad5a45d63/out/vs/platform/terminal/node/ptyHostMain.js:28:2630)
    at Object.call (/home/ubuntu/.vscode-server/bin/7f329fe6c66b0f86ae1574c2911b681ad5a45d63/out/vs/platform/terminal/node/ptyHostMain.js:17:5043)
    at g.s (/home/ubuntu/.vscode-server/bin/7f329fe6c66b0f86ae1574c2911b681ad5a45d63/out/vs/platform/terminal/node/ptyHostMain.js:15:5413)
    at g.q (/home/ubuntu/.vscode-server/bin/7f329fe6c66b0f86ae1574c2911b681ad5a45d63/out/vs/platform/terminal/node/ptyHostMain.js:15:4916)
    at /home/ubuntu/.vscode-server/bin/7f329fe6c66b0f86ae1574c2911b681ad5a45d63/out/vs/platform/terminal/node/ptyHostMain.js:15:4327
    at c.invoke (/home/ubuntu/.vscode-server/bin/7f329fe6c66b0f86ae1574c2911b681ad5a45d63/out/vs/platform/terminal/node/ptyHostMain.js:11:145)
    at f.deliver (/home/ubuntu/.vscode-server/bin/7f329fe6c66b0f86ae1574c2911b681ad5a45d63/out/vs/platform/terminal/node/ptyHostMain.js:11:2125)
    at n.fire (/home/ubuntu/.vscode-server/bin/7f329fe6c66b0f86ae1574c2911b681ad5a45d63/out/vs/platform/terminal/node/ptyHostMain.js:11:1733)
    at process.T (/home/ubuntu/.vscode-server/bin/7f329fe6c66b0f86ae1574c2911b681ad5a45d63/out/vs/platform/terminal/node/ptyHostMain.js:9:21039)
    at process.emit (node:events:526:28)
    at emit (node:internal/child_process:938:14)
    at processTicksAndRejections (node:internal/process/task_queues:84:21)
[11:27:50] Error [CodeExpectedError]: Could not find pty on pty host
    at L (/home/ubuntu/.vscode-server/bin/7f329fe6c66b0f86ae1574c2911b681ad5a45d63/out/vs/platform/terminal/node/ptyHostMain.js:28:6849)
    at L.updateTitle (/home/ubuntu/.vscode-server/bin/7f329fe6c66b0f86ae1574c2911b681ad5a45d63/out/vs/platform/terminal/node/ptyHostMain.js:28:2630)
    at Object.call (/home/ubuntu/.vscode-server/bin/7f329fe6c66b0f86ae1574c2911b681ad5a45d63/out/vs/platform/terminal/node/ptyHostMain.js:17:5043)
    at g.s (/home/ubuntu/.vscode-server/bin/7f329fe6c66b0f86ae1574c2911b681ad5a45d63/out/vs/platform/terminal/node/ptyHostMain.js:15:5413)
    at g.q (/home/ubuntu/.vscode-server/bin/7f329fe6c66b0f86ae1574c2911b681ad5a45d63/out/vs/platform/terminal/node/ptyHostMain.js:15:4916)
    at /home/ubuntu/.vscode-server/bin/7f329fe6c66b0f86ae1574c2911b681ad5a45d63/out/vs/platform/terminal/node/ptyHostMain.js:15:4327
    at c.invoke (/home/ubuntu/.vscode-server/bin/7f329fe6c66b0f86ae1574c2911b681ad5a45d63/out/vs/platform/terminal/node/ptyHostMain.js:11:145)
    at f.deliver (/home/ubuntu/.vscode-server/bin/7f329fe6c66b0f86ae1574c2911b681ad5a45d63/out/vs/platform/terminal/node/ptyHostMain.js:11:2125)
    at n.fire (/home/ubuntu/.vscode-server/bin/7f329fe6c66b0f86ae1574c2911b681ad5a45d63/out/vs/platform/terminal/node/ptyHostMain.js:11:1733)
    at process.T (/home/ubuntu/.vscode-server/bin/7f329fe6c66b0f86ae1574c2911b681ad5a45d63/out/vs/platform/terminal/node/ptyHostMain.js:9:21039)
    at process.emit (node:events:526:28)
    at emit (node:internal/child_process:938:14)
    at processTicksAndRejections (node:internal/process/task_queues:84:21)
rejected promise not handled within 1 second: CodeExpectedError: Could not find pty on pty host
stack trace: CodeExpectedError: Could not find pty on pty host
    at L (/home/ubuntu/.vscode-server/bin/7f329fe6c66b0f86ae1574c2911b681ad5a45d63/out/vs/platform/terminal/node/ptyHostMain.js:28:6849)
    at L.updateTitle (/home/ubuntu/.vscode-server/bin/7f329fe6c66b0f86ae1574c2911b681ad5a45d63/out/vs/platform/terminal/node/ptyHostMain.js:28:2630)
    at Object.call (/home/ubuntu/.vscode-server/bin/7f329fe6c66b0f86ae1574c2911b681ad5a45d63/out/vs/platform/terminal/node/ptyHostMain.js:17:5043)
    at g.s (/home/ubuntu/.vscode-server/bin/7f329fe6c66b0f86ae1574c2911b681ad5a45d63/out/vs/platform/terminal/node/ptyHostMain.js:15:5413)
    at g.q (/home/ubuntu/.vscode-server/bin/7f329fe6c66b0f86ae1574c2911b681ad5a45d63/out/vs/platform/terminal/node/ptyHostMain.js:15:4916)
    at /home/ubuntu/.vscode-server/bin/7f329fe6c66b0f86ae1574c2911b681ad5a45d63/out/vs/platform/terminal/node/ptyHostMain.js:15:4327
    at c.invoke (/home/ubuntu/.vscode-server/bin/7f329fe6c66b0f86ae1574c2911b681ad5a45d63/out/vs/platform/terminal/node/ptyHostMain.js:11:145)
    at f.deliver (/home/ubuntu/.vscode-server/bin/7f329fe6c66b0f86ae1574c2911b681ad5a45d63/out/vs/platform/terminal/node/ptyHostMain.js:11:2125)
    at n.fire (/home/ubuntu/.vscode-server/bin/7f329fe6c66b0f86ae1574c2911b681ad5a45d63/out/vs/platform/terminal/node/ptyHostMain.js:11:1733)
    at process.T (/home/ubuntu/.vscode-server/bin/7f329fe6c66b0f86ae1574c2911b681ad5a45d63/out/vs/platform/terminal/node/ptyHostMain.js:9:21039)
    at process.emit (node:events:526:28)
    at emit (node:internal/child_process:938:14)
    at processTicksAndRejections (node:internal/process/task_queues:84:21)
[11:27:50] Error [CodeExpectedError]: Could not find pty on pty host
    at L (/home/ubuntu/.vscode-server/bin/7f329fe6c66b0f86ae1574c2911b681ad5a45d63/out/vs/platform/terminal/node/ptyHostMain.js:28:6849)
    at L.updateTitle (/home/ubuntu/.vscode-server/bin/7f329fe6c66b0f86ae1574c2911b681ad5a45d63/out/vs/platform/terminal/node/ptyHostMain.js:28:2630)
    at Object.call (/home/ubuntu/.vscode-server/bin/7f329fe6c66b0f86ae1574c2911b681ad5a45d63/out/vs/platform/terminal/node/ptyHostMain.js:17:5043)
    at g.s (/home/ubuntu/.vscode-server/bin/7f329fe6c66b0f86ae1574c2911b681ad5a45d63/out/vs/platform/terminal/node/ptyHostMain.js:15:5413)
    at g.q (/home/ubuntu/.vscode-server/bin/7f329fe6c66b0f86ae1574c2911b681ad5a45d63/out/vs/platform/terminal/node/ptyHostMain.js:15:4916)
    at /home/ubuntu/.vscode-server/bin/7f329fe6c66b0f86ae1574c2911b681ad5a45d63/out/vs/platform/terminal/node/ptyHostMain.js:15:4327
    at c.invoke (/home/ubuntu/.vscode-server/bin/7f329fe6c66b0f86ae1574c2911b681ad5a45d63/out/vs/platform/terminal/node/ptyHostMain.js:11:145)
    at f.deliver (/home/ubuntu/.vscode-server/bin/7f329fe6c66b0f86ae1574c2911b681ad5a45d63/out/vs/platform/terminal/node/ptyHostMain.js:11:2125)
    at n.fire (/home/ubuntu/.vscode-server/bin/7f329fe6c66b0f86ae1574c2911b681ad5a45d63/out/vs/platform/terminal/node/ptyHostMain.js:11:1733)
    at process.T (/home/ubuntu/.vscode-server/bin/7f329fe6c66b0f86ae1574c2911b681ad5a45d63/out/vs/platform/terminal/node/ptyHostMain.js:9:21039)
    at process.emit (node:events:526:28)
    at emit (node:internal/child_process:938:14)
    at processTicksAndRejections (node:internal/process/task_queues:84:21)
rejected promise not handled within 1 second: CodeExpectedError: Could not find pty on pty host
stack trace: CodeExpectedError: Could not find pty on pty host
    at L (/home/ubuntu/.vscode-server/bin/7f329fe6c66b0f86ae1574c2911b681ad5a45d63/out/vs/platform/terminal/node/ptyHostMain.js:28:6849)
    at L.updateTitle (/home/ubuntu/.vscode-server/bin/7f329fe6c66b0f86ae1574c2911b681ad5a45d63/out/vs/platform/terminal/node/ptyHostMain.js:28:2630)
    at Object.call (/home/ubuntu/.vscode-server/bin/7f329fe6c66b0f86ae1574c2911b681ad5a45d63/out/vs/platform/terminal/node/ptyHostMain.js:17:5043)
    at g.s (/home/ubuntu/.vscode-server/bin/7f329fe6c66b0f86ae1574c2911b681ad5a45d63/out/vs/platform/terminal/node/ptyHostMain.js:15:5413)
    at g.q (/home/ubuntu/.vscode-server/bin/7f329fe6c66b0f86ae1574c2911b681ad5a45d63/out/vs/platform/terminal/node/ptyHostMain.js:15:4916)
    at /home/ubuntu/.vscode-server/bin/7f329fe6c66b0f86ae1574c2911b681ad5a45d63/out/vs/platform/terminal/node/ptyHostMain.js:15:4327
    at c.invoke (/home/ubuntu/.vscode-server/bin/7f329fe6c66b0f86ae1574c2911b681ad5a45d63/out/vs/platform/terminal/node/ptyHostMain.js:11:145)
    at f.deliver (/home/ubuntu/.vscode-server/bin/7f329fe6c66b0f86ae1574c2911b681ad5a45d63/out/vs/platform/terminal/node/ptyHostMain.js:11:2125)
    at n.fire (/home/ubuntu/.vscode-server/bin/7f329fe6c66b0f86ae1574c2911b681ad5a45d63/out/vs/platform/terminal/node/ptyHostMain.js:11:1733)
    at process.T (/home/ubuntu/.vscode-server/bin/7f329fe6c66b0f86ae1574c2911b681ad5a45d63/out/vs/platform/terminal/node/ptyHostMain.js:9:21039)
    at process.emit (node:events:526:28)
    at emit (node:internal/child_process:938:14)
    at processTicksAndRejections (node:internal/process/task_queues:84:21)
[11:27:51] Error [CodeExpectedError]: Could not find pty on pty host
    at L (/home/ubuntu/.vscode-server/bin/7f329fe6c66b0f86ae1574c2911b681ad5a45d63/out/vs/platform/terminal/node/ptyHostMain.js:28:6849)
    at L.updateTitle (/home/ubuntu/.vscode-server/bin/7f329fe6c66b0f86ae1574c2911b681ad5a45d63/out/vs/platform/terminal/node/ptyHostMain.js:28:2630)
    at Object.call (/home/ubuntu/.vscode-server/bin/7f329fe6c66b0f86ae1574c2911b681ad5a45d63/out/vs/platform/terminal/node/ptyHostMain.js:17:5043)
    at g.s (/home/ubuntu/.vscode-server/bin/7f329fe6c66b0f86ae1574c2911b681ad5a45d63/out/vs/platform/terminal/node/ptyHostMain.js:15:5413)
    at g.q (/home/ubuntu/.vscode-server/bin/7f329fe6c66b0f86ae1574c2911b681ad5a45d63/out/vs/platform/terminal/node/ptyHostMain.js:15:4916)
    at /home/ubuntu/.vscode-server/bin/7f329fe6c66b0f86ae1574c2911b681ad5a45d63/out/vs/platform/terminal/node/ptyHostMain.js:15:4327
    at c.invoke (/home/ubuntu/.vscode-server/bin/7f329fe6c66b0f86ae1574c2911b681ad5a45d63/out/vs/platform/terminal/node/ptyHostMain.js:11:145)
    at f.deliver (/home/ubuntu/.vscode-server/bin/7f329fe6c66b0f86ae1574c2911b681ad5a45d63/out/vs/platform/terminal/node/ptyHostMain.js:11:2125)
    at n.fire (/home/ubuntu/.vscode-server/bin/7f329fe6c66b0f86ae1574c2911b681ad5a45d63/out/vs/platform/terminal/node/ptyHostMain.js:11:1733)
    at process.T (/home/ubuntu/.vscode-server/bin/7f329fe6c66b0f86ae1574c2911b681ad5a45d63/out/vs/platform/terminal/node/ptyHostMain.js:9:21039)
    at process.emit (node:events:526:28)
    at emit (node:internal/child_process:938:14)
    at processTicksAndRejections (node:internal/process/task_queues:84:21)
[11:27:57] [127.0.0.1][1900a368][ExtensionHostConnection] The client has reconnected.
[11:33:12] [127.0.0.1][8ed8bb45][ManagementConnection] The client has reconnected.
[IPC Library: Pty Host]  WARN Shell integration cannot be enabled for executable "/bin/sh" and args [
  '-c',
  'ln -f -s "/tmp/ssh-3weS7QwOUt/agent.6859" "/run/user/1000/vscode-ssh-auth-sock-842442881"\n' +
    'exit 0'
]
rejected promise not handled within 1 second: CodeExpectedError: Could not find pty on pty host
stack trace: CodeExpectedError: Could not find pty on pty host
    at L (/home/ubuntu/.vscode-server/bin/7f329fe6c66b0f86ae1574c2911b681ad5a45d63/out/vs/platform/terminal/node/ptyHostMain.js:28:6849)
    at L.updateIcon (/home/ubuntu/.vscode-server/bin/7f329fe6c66b0f86ae1574c2911b681ad5a45d63/out/vs/platform/terminal/node/ptyHostMain.js:28:2680)
    at Object.call (/home/ubuntu/.vscode-server/bin/7f329fe6c66b0f86ae1574c2911b681ad5a45d63/out/vs/platform/terminal/node/ptyHostMain.js:17:5043)
    at g.s (/home/ubuntu/.vscode-server/bin/7f329fe6c66b0f86ae1574c2911b681ad5a45d63/out/vs/platform/terminal/node/ptyHostMain.js:15:5413)
    at g.q (/home/ubuntu/.vscode-server/bin/7f329fe6c66b0f86ae1574c2911b681ad5a45d63/out/vs/platform/terminal/node/ptyHostMain.js:15:4916)
    at /home/ubuntu/.vscode-server/bin/7f329fe6c66b0f86ae1574c2911b681ad5a45d63/out/vs/platform/terminal/node/ptyHostMain.js:15:4327
    at c.invoke (/home/ubuntu/.vscode-server/bin/7f329fe6c66b0f86ae1574c2911b681ad5a45d63/out/vs/platform/terminal/node/ptyHostMain.js:11:145)
    at f.deliver (/home/ubuntu/.vscode-server/bin/7f329fe6c66b0f86ae1574c2911b681ad5a45d63/out/vs/platform/terminal/node/ptyHostMain.js:11:2125)
    at n.fire (/home/ubuntu/.vscode-server/bin/7f329fe6c66b0f86ae1574c2911b681ad5a45d63/out/vs/platform/terminal/node/ptyHostMain.js:11:1733)
    at process.T (/home/ubuntu/.vscode-server/bin/7f329fe6c66b0f86ae1574c2911b681ad5a45d63/out/vs/platform/terminal/node/ptyHostMain.js:9:21039)
    at process.emit (node:events:526:28)
    at emit (node:internal/child_process:938:14)
    at processTicksAndRejections (node:internal/process/task_queues:84:21)
[11:33:13] Error [CodeExpectedError]: Could not find pty on pty host
    at L (/home/ubuntu/.vscode-server/bin/7f329fe6c66b0f86ae1574c2911b681ad5a45d63/out/vs/platform/terminal/node/ptyHostMain.js:28:6849)
    at L.updateIcon (/home/ubuntu/.vscode-server/bin/7f329fe6c66b0f86ae1574c2911b681ad5a45d63/out/vs/platform/terminal/node/ptyHostMain.js:28:2680)
    at Object.call (/home/ubuntu/.vscode-server/bin/7f329fe6c66b0f86ae1574c2911b681ad5a45d63/out/vs/platform/terminal/node/ptyHostMain.js:17:5043)
    at g.s (/home/ubuntu/.vscode-server/bin/7f329fe6c66b0f86ae1574c2911b681ad5a45d63/out/vs/platform/terminal/node/ptyHostMain.js:15:5413)
    at g.q (/home/ubuntu/.vscode-server/bin/7f329fe6c66b0f86ae1574c2911b681ad5a45d63/out/vs/platform/terminal/node/ptyHostMain.js:15:4916)
    at /home/ubuntu/.vscode-server/bin/7f329fe6c66b0f86ae1574c2911b681ad5a45d63/out/vs/platform/terminal/node/ptyHostMain.js:15:4327
    at c.invoke (/home/ubuntu/.vscode-server/bin/7f329fe6c66b0f86ae1574c2911b681ad5a45d63/out/vs/platform/terminal/node/ptyHostMain.js:11:145)
    at f.deliver (/home/ubuntu/.vscode-server/bin/7f329fe6c66b0f86ae1574c2911b681ad5a45d63/out/vs/platform/terminal/node/ptyHostMain.js:11:2125)
    at n.fire (/home/ubuntu/.vscode-server/bin/7f329fe6c66b0f86ae1574c2911b681ad5a45d63/out/vs/platform/terminal/node/ptyHostMain.js:11:1733)
    at process.T (/home/ubuntu/.vscode-server/bin/7f329fe6c66b0f86ae1574c2911b681ad5a45d63/out/vs/platform/terminal/node/ptyHostMain.js:9:21039)
    at process.emit (node:events:526:28)
    at emit (node:internal/child_process:938:14)
    at processTicksAndRejections (node:internal/process/task_queues:84:21)
rejected promise not handled within 1 second: CodeExpectedError: Could not find pty on pty host
stack trace: CodeExpectedError: Could not find pty on pty host
    at L (/home/ubuntu/.vscode-server/bin/7f329fe6c66b0f86ae1574c2911b681ad5a45d63/out/vs/platform/terminal/node/ptyHostMain.js:28:6849)
    at L.updateTitle (/home/ubuntu/.vscode-server/bin/7f329fe6c66b0f86ae1574c2911b681ad5a45d63/out/vs/platform/terminal/node/ptyHostMain.js:28:2630)
    at Object.call (/home/ubuntu/.vscode-server/bin/7f329fe6c66b0f86ae1574c2911b681ad5a45d63/out/vs/platform/terminal/node/ptyHostMain.js:17:5043)
    at g.s (/home/ubuntu/.vscode-server/bin/7f329fe6c66b0f86ae1574c2911b681ad5a45d63/out/vs/platform/terminal/node/ptyHostMain.js:15:5413)
    at g.q (/home/ubuntu/.vscode-server/bin/7f329fe6c66b0f86ae1574c2911b681ad5a45d63/out/vs/platform/terminal/node/ptyHostMain.js:15:4916)
    at /home/ubuntu/.vscode-server/bin/7f329fe6c66b0f86ae1574c2911b681ad5a45d63/out/vs/platform/terminal/node/ptyHostMain.js:15:4327
    at c.invoke (/home/ubuntu/.vscode-server/bin/7f329fe6c66b0f86ae1574c2911b681ad5a45d63/out/vs/platform/terminal/node/ptyHostMain.js:11:145)
    at f.deliver (/home/ubuntu/.vscode-server/bin/7f329fe6c66b0f86ae1574c2911b681ad5a45d63/out/vs/platform/terminal/node/ptyHostMain.js:11:2125)
    at n.fire (/home/ubuntu/.vscode-server/bin/7f329fe6c66b0f86ae1574c2911b681ad5a45d63/out/vs/platform/terminal/node/ptyHostMain.js:11:1733)
    at process.T (/home/ubuntu/.vscode-server/bin/7f329fe6c66b0f86ae1574c2911b681ad5a45d63/out/vs/platform/terminal/node/ptyHostMain.js:9:21039)
    at process.emit (node:events:526:28)
    at emit (node:internal/child_process:938:14)
    at processTicksAndRejections (node:internal/process/task_queues:84:21)
[11:33:13] Error [CodeExpectedError]: Could not find pty on pty host
    at L (/home/ubuntu/.vscode-server/bin/7f329fe6c66b0f86ae1574c2911b681ad5a45d63/out/vs/platform/terminal/node/ptyHostMain.js:28:6849)
    at L.updateTitle (/home/ubuntu/.vscode-server/bin/7f329fe6c66b0f86ae1574c2911b681ad5a45d63/out/vs/platform/terminal/node/ptyHostMain.js:28:2630)
    at Object.call (/home/ubuntu/.vscode-server/bin/7f329fe6c66b0f86ae1574c2911b681ad5a45d63/out/vs/platform/terminal/node/ptyHostMain.js:17:5043)
    at g.s (/home/ubuntu/.vscode-server/bin/7f329fe6c66b0f86ae1574c2911b681ad5a45d63/out/vs/platform/terminal/node/ptyHostMain.js:15:5413)
    at g.q (/home/ubuntu/.vscode-server/bin/7f329fe6c66b0f86ae1574c2911b681ad5a45d63/out/vs/platform/terminal/node/ptyHostMain.js:15:4916)
    at /home/ubuntu/.vscode-server/bin/7f329fe6c66b0f86ae1574c2911b681ad5a45d63/out/vs/platform/terminal/node/ptyHostMain.js:15:4327
    at c.invoke (/home/ubuntu/.vscode-server/bin/7f329fe6c66b0f86ae1574c2911b681ad5a45d63/out/vs/platform/terminal/node/ptyHostMain.js:11:145)
    at f.deliver (/home/ubuntu/.vscode-server/bin/7f329fe6c66b0f86ae1574c2911b681ad5a45d63/out/vs/platform/terminal/node/ptyHostMain.js:11:2125)
    at n.fire (/home/ubuntu/.vscode-server/bin/7f329fe6c66b0f86ae1574c2911b681ad5a45d63/out/vs/platform/terminal/node/ptyHostMain.js:11:1733)
    at process.T (/home/ubuntu/.vscode-server/bin/7f329fe6c66b0f86ae1574c2911b681ad5a45d63/out/vs/platform/terminal/node/ptyHostMain.js:9:21039)
    at process.emit (node:events:526:28)
    at emit (node:internal/child_process:938:14)
    at processTicksAndRejections (node:internal/process/task_queues:84:21)
rejected promise not handled within 1 second: CodeExpectedError: Could not find pty on pty host
stack trace: CodeExpectedError: Could not find pty on pty host
    at L (/home/ubuntu/.vscode-server/bin/7f329fe6c66b0f86ae1574c2911b681ad5a45d63/out/vs/platform/terminal/node/ptyHostMain.js:28:6849)
    at L.updateTitle (/home/ubuntu/.vscode-server/bin/7f329fe6c66b0f86ae1574c2911b681ad5a45d63/out/vs/platform/terminal/node/ptyHostMain.js:28:2630)
    at Object.call (/home/ubuntu/.vscode-server/bin/7f329fe6c66b0f86ae1574c2911b681ad5a45d63/out/vs/platform/terminal/node/ptyHostMain.js:17:5043)
    at g.s (/home/ubuntu/.vscode-server/bin/7f329fe6c66b0f86ae1574c2911b681ad5a45d63/out/vs/platform/terminal/node/ptyHostMain.js:15:5413)
    at g.q (/home/ubuntu/.vscode-server/bin/7f329fe6c66b0f86ae1574c2911b681ad5a45d63/out/vs/platform/terminal/node/ptyHostMain.js:15:4916)
    at /home/ubuntu/.vscode-server/bin/7f329fe6c66b0f86ae1574c2911b681ad5a45d63/out/vs/platform/terminal/node/ptyHostMain.js:15:4327
    at c.invoke (/home/ubuntu/.vscode-server/bin/7f329fe6c66b0f86ae1574c2911b681ad5a45d63/out/vs/platform/terminal/node/ptyHostMain.js:11:145)
    at f.deliver (/home/ubuntu/.vscode-server/bin/7f329fe6c66b0f86ae1574c2911b681ad5a45d63/out/vs/platform/terminal/node/ptyHostMain.js:11:2125)
    at n.fire (/home/ubuntu/.vscode-server/bin/7f329fe6c66b0f86ae1574c2911b681ad5a45d63/out/vs/platform/terminal/node/ptyHostMain.js:11:1733)
    at process.T (/home/ubuntu/.vscode-server/bin/7f329fe6c66b0f86ae1574c2911b681ad5a45d63/out/vs/platform/terminal/node/ptyHostMain.js:9:21039)
    at process.emit (node:events:526:28)
    at emit (node:internal/child_process:938:14)
    at processTicksAndRejections (node:internal/process/task_queues:84:21)
[11:33:13] Error [CodeExpectedError]: Could not find pty on pty host
    at L (/home/ubuntu/.vscode-server/bin/7f329fe6c66b0f86ae1574c2911b681ad5a45d63/out/vs/platform/terminal/node/ptyHostMain.js:28:6849)
    at L.updateTitle (/home/ubuntu/.vscode-server/bin/7f329fe6c66b0f86ae1574c2911b681ad5a45d63/out/vs/platform/terminal/node/ptyHostMain.js:28:2630)
    at Object.call (/home/ubuntu/.vscode-server/bin/7f329fe6c66b0f86ae1574c2911b681ad5a45d63/out/vs/platform/terminal/node/ptyHostMain.js:17:5043)
    at g.s (/home/ubuntu/.vscode-server/bin/7f329fe6c66b0f86ae1574c2911b681ad5a45d63/out/vs/platform/terminal/node/ptyHostMain.js:15:5413)
    at g.q (/home/ubuntu/.vscode-server/bin/7f329fe6c66b0f86ae1574c2911b681ad5a45d63/out/vs/platform/terminal/node/ptyHostMain.js:15:4916)
    at /home/ubuntu/.vscode-server/bin/7f329fe6c66b0f86ae1574c2911b681ad5a45d63/out/vs/platform/terminal/node/ptyHostMain.js:15:4327
    at c.invoke (/home/ubuntu/.vscode-server/bin/7f329fe6c66b0f86ae1574c2911b681ad5a45d63/out/vs/platform/terminal/node/ptyHostMain.js:11:145)
    at f.deliver (/home/ubuntu/.vscode-server/bin/7f329fe6c66b0f86ae1574c2911b681ad5a45d63/out/vs/platform/terminal/node/ptyHostMain.js:11:2125)
    at n.fire (/home/ubuntu/.vscode-server/bin/7f329fe6c66b0f86ae1574c2911b681ad5a45d63/out/vs/platform/terminal/node/ptyHostMain.js:11:1733)
    at process.T (/home/ubuntu/.vscode-server/bin/7f329fe6c66b0f86ae1574c2911b681ad5a45d63/out/vs/platform/terminal/node/ptyHostMain.js:9:21039)
    at process.emit (node:events:526:28)
    at emit (node:internal/child_process:938:14)
    at processTicksAndRejections (node:internal/process/task_queues:84:21)
[11:33:14] [127.0.0.1][1900a368][ExtensionHostConnection] The client has reconnected.
